Downloading https://github.com/OpenMathLib/OpenBLAS/archive/v0.3.29.tar.gz -> OpenMathLib-OpenBLAS-v0.3.29.tar.gz
Successfully downloaded OpenMathLib-OpenBLAS-v0.3.29.tar.gz
-- Extracting source C:/Users/27118/AppData/Local/vcpkg/downloads/OpenMathLib-OpenBLAS-v0.3.29.tar.gz
-- Applying patch disable-testing.diff
-- Applying patch getarch.diff
-- Applying patch system-check-msvc.diff
-- Applying patch win32-uwp.diff
-- Using source at C:/Users/27118/Desktop/Imperial/abstraction-recovery/cpp/vcpkg_installed/vcpkg/blds/openblas/src/v0.3.29-abfa9cf6a4.clean
-- OpenBLAS native build
-- Found external ninja('1.12.1').
-- Configuring x64-windows
-- Building x64-windows-dbg
-- Building x64-windows-rel
-- Fixing pkgconfig file: C:/Users/27118/Desktop/Imperial/abstraction-recovery/cpp/vcpkg_installed/vcpkg/pkgs/openblas_x64-windows/lib/pkgconfig/openblas.pc
Downloading msys2-mingw-w64-x86_64-pkgconf-1~2.4.3-1-any.pkg.tar.zst, trying https://mirror.msys2.org/mingw/mingw64/mingw-w64-x86_64-pkgconf-1~2.4.3-1-any.pkg.tar.zst
Successfully downloaded msys2-mingw-w64-x86_64-pkgconf-1~2.4.3-1-any.pkg.tar.zst
Downloading msys2-msys2-runtime-3.6.2-2-x86_64.pkg.tar.zst, trying https://mirror.msys2.org/msys/x86_64/msys2-runtime-3.6.2-2-x86_64.pkg.tar.zst
Successfully downloaded msys2-msys2-runtime-3.6.2-2-x86_64.pkg.tar.zst
-- Using msys root at C:/Users/27118/AppData/Local/vcpkg/downloads/tools/msys2/9272adbcaf19caef
-- Fixing pkgconfig file: C:/Users/27118/Desktop/Imperial/abstraction-recovery/cpp/vcpkg_installed/vcpkg/pkgs/openblas_x64-windows/debug/lib/pkgconfig/openblas.pc
-- Installing: C:/Users/27118/Desktop/Imperial/abstraction-recovery/cpp/vcpkg_installed/vcpkg/pkgs/openblas_x64-windows/share/openblas/copyright
-- Performing post-build validation
