47 [34672] INFO perfrun.launcher <> - Launcher main begin
52 [34672] INFO perfrun.launcher <> - MessageCatalogInit finished
52 [34672] INFO perfrun.launcher <> - Launcher instance created
52 [34672] INFO perfrun.launcher <> - argc = 7; cmdline = D:\Intel\oneAPI\vtune\2025.8\bin64\amplxe-runss.exe --ui-output-format xml --ui-output-fd 940 --option-file C:\Users\27118\Desktop\Imperial\abstraction-recovery\cpp\tmp\vtune_hotspots_admin_recheck\config\runss.options 
77 [34672] INFO perfrun.launcher <> - New signal handler callback was added
141 [34672] INFO perfrun.perfcollector <> - SEP tool path: D:\Intel\oneAPI\vtune\2025.8\bin64\sep.exe
155 [34672] INFO perfrun.launcher <> - create msngr2::ICliToolContext
156 [34672] INFO perfrun.launcher <> - create file finder object
156 [34672] INFO perfrun.launcher <> - create a result directory: pattern = C:\Users\27118\Desktop\Imperial\abstraction-recovery\cpp\tmp\vtune_hotspots_admin_recheck pid = 4294967295
166 [34672] INFO perfrun.launcher <> - create data directory = C:\Users\27118\Desktop\Imperial\abstraction-recovery\cpp\tmp\vtune_hotspots_admin_recheck\data.0
166 [34672] INFO perfrun.launcher <> - Creating the master collection flag
174 [34672] INFO perfrun.launcher <> - Done creating the master collection flag
174 [26364] INFO perfrun.launcher <> - plugin [remoteplug] was disabled because it doesn't support the given collection type.
174 [26364] INFO perfrun.sdk <> - Allocating TMU :C:\Users\27118\Desktop\Imperial\abstraction-recovery\cpp\tmp\vtune_hotspots_admin_recheck\data.0\systemcollector-10052-CHENG.sc
174 [26364] INFO perfrun.launcher <> - plugin [] was disabled because it doesn't support the given collection type.
176 [26364] INFO perfrun.launcher <> - plugin [] was disabled because it doesn't support the given collection type.
176 [26364] INFO perfrun.launcher <> - plugin [gpu] was disabled because it doesn't support the given collection type.
176 [26364] INFO perfrun.launcher <> - plugin [etw.kernel] was disabled because it doesn't support the given collection type.
176 [26364] INFO perfrun.launcher <> - plugin [etw.dx] was disabled because it doesn't support the given collection type.
176 [26364] INFO perfrun.launcher <> - plugin [etw.wsa] was disabled because it doesn't support the given collection type.
176 [26364] INFO perfrun.mrte <> - system-wide mode is 0
176 [26364] INFO perfrun.mrte <> - Getting  mrte profiling environment ...
186 [26364] INFO perfrun.mrte <> - INTEL_MRTE_DATA_DIR=C:\Users\27118\Desktop\Imperial\abstraction-recovery\cpp\tmp\vtune_hotspots_admin_recheck\data.0
186 [26364] INFO perfrun.mrte <> - INTEL_MRTE_HOST_NAME=CHENG
186 [26364] INFO perfrun.mrte <> - JAVA_TOOL_OPTIONS=-agentlib:amplxe_samplingmrte_javaprof_1.0
186 [26364] INFO perfrun.mrte <> - PATH=D:\Intel\oneAPI\vtune\2025.8\bin32\runtime;D:\Intel\oneAPI\vtune\2025.8\bin64\runtime;C:\Program Files\NVIDIA GPU Computing Toolkit\CUDA\v12.8\bin;C:\Program Files\NVIDIA GPU Computing Toolkit\CUDA\v12.8\libnvvp;D:\CUDA\bin;D:\CUDA\libnvvp;E:\VMware\bin\;C:\Windows\system32;C:\Windows;C:\Windows\System32\Wbem;C:\Windows\System32\WindowsPowerShell\v1.0\;C:\Windows\System32\OpenSSH\;C:\Program Files (x86)\NVIDIA Corporation\PhysX\Common;C:\WINDOWS\system32;C:\WINDOWS;C:\WINDOWS\System32\Wbem;C:\WINDOWS\System32\WindowsPowerShell\v1.0\;C:\WINDOWS\System32\OpenSSH\;C:\Users\27118\AppData\Roaming\Python;D:\Git\cmd;C:\Program Files\dotnet\;C:\Program Files\NVIDIA Corporation\NVIDIA App\NvDLISR;C:\Program Files\NVIDIA Corporation\Nsight Compute 2025.1.0\;C:\Program Files (x86)\Windows Kits\10\Windows Performance Toolkit\;C:\Program Files\Tailscale\;C:\Users\27118\AppData\Local\Programs\Python\Python311\Scripts\;C:\Users\27118\AppData\Local\Programs\Python\Python311\;C:\Users\27118\AppData\Local\Microsoft\WindowsApps;C:\Users\27118\AppData\Local\Programs\Microsoft VS Code\bin;C:\Users\27118\AppData\Roaming\Python\Python39\Scripts;C:\Program Files (x86)\Microsoft Visual Studio\2019\Community\VC\Tools\MSVC\14.29.30133\bin\Hostx64\x64;C:\Program Files (x86)\Microsoft Visual Studio\2019\Community\Common7\IDE;C:\Program Files (x86)\Microsoft Visual Studio\2019\Community\Common7\Tools;C:\Users\27118\Desktop\master_project\nerf-loc;D:\wget;D:\VS\2022\BuildTools\VC\Tools\MSVC\14.44.35207\bin\Hostx64\x64;C:\Program Files (x86)\Windows Kits\10\bin\10.0.26100.0\x64
186 [26364] INFO perfrun.mrte <> - COR_ENABLE_PROFILING=1
186 [26364] INFO perfrun.mrte <> - COR_PROFILER={AA5E4821-E3B1-479c-B7FF-5AD047D22CED}
186 [26364] INFO perfrun.mrte <> - COMPLUS_ProfAPI_ProfilerCompatibilitySetting=EnableV2Profiler
186 [26364] INFO perfrun.mrte <> - CORECLR_ENABLE_PROFILING=1
186 [26364] INFO perfrun.mrte <> - CORECLR_PROFILER={AA5E4821-E3B1-479c-B7FF-5AD047D22CED}
186 [26364] INFO perfrun.mrte <> - CORECLR_PROFILER_PATH=D:\Intel\oneAPI\vtune\2025.8\bin64/amplxe_samplingmrte_clrprof_1.0.dll
186 [26364] INFO perfrun.mrte <> - INTEL_MRTE_PROFILER_MODE=mixed
186 [26364] INFO perfrun.mrte <> - Data directory: C:\Users\27118\Desktop\Imperial\abstraction-recovery\cpp\tmp\vtune_hotspots_admin_recheck\data.0
186 [26364] INFO perfrun.mrte <> - Mrte plugin is initialized
187 [26364] INFO perfrun.launcher <> - plugin [cuscol] was disabled because it doesn't support the given collection type.
187 [26364] INFO perfrun.launcher <> - plugin [stdsrc] was disabled because it doesn't support the given collection type.
187 [26364] INFO perfrun.launcher <> - plugin [sep] was disabled because it doesn't support the given collection type.
187 [26364] INFO perfrun.launcher <> - plugin [vtsspp] was disabled because it doesn't support the given collection type.
187 [26364] INFO perfrun.launcher <> - plugin [perf] was disabled because it doesn't support the given collection type.
187 [26364] INFO perfrun.launcher <> - plugin [aoclprofile] was disabled because it doesn't support the given collection type.
187 [26364] INFO perfrun.tpss <> - initialize tpss controller
187 [26364] INFO perfrun.tpss <> - configure collection mode: value = cpu:stack
187 [26364] INFO perfrun.tpss <> - default obj-size-min=1024
187 [26364] INFO perfrun.tpss <> - default hash-table-size=0
187 [26364] INFO perfrun.launcher <> - plugin [] was disabled because it doesn't support the given collection type.
187 [26364] INFO perfrun.launcher <> - plugin [] was disabled because it doesn't support the given collection type.
187 [26364] INFO perfrun.launcher <> - plugin [] was disabled because it doesn't support the given collection type.
187 [26364] INFO perfrun.launcher <> - plugin [] was disabled because it doesn't support the given collection type.
187 [26364] INFO perfrun.launcher <> - plugin [power] was disabled because it doesn't support the given collection type.
187 [26364] INFO perfrun.launcher <> - plugin [] was disabled because it doesn't support the given collection type.
187 [26364] INFO perfrun.launcher <> - plugin [] was disabled because it doesn't support the given collection type.
187 [26364] INFO perfrun.launcher <> - plugin [] was disabled because it doesn't support the given collection type.
187 [26364] INFO perfrun.launcher <> - plugin [l0_metrics] was disabled because it doesn't support the given collection type.
187 [26364] INFO perfrun.launcher <> - plugin [stall_reasons] was disabled because it doesn't support the given collection type.
187 [34672] INFO perfrun.launcher <> - set environment variable: PATH = D:\Intel\oneAPI\vtune\2025.8\bin32\runtime;D:\Intel\oneAPI\vtune\2025.8\bin64\runtime;C:\Program Files\NVIDIA GPU Computing Toolkit\CUDA\v12.8\bin;C:\Program Files\NVIDIA GPU Computing Toolkit\CUDA\v12.8\libnvvp;D:\CUDA\bin;D:\CUDA\libnvvp;E:\VMware\bin\;C:\Windows\system32;C:\Windows;C:\Windows\System32\Wbem;C:\Windows\System32\WindowsPowerShell\v1.0\;C:\Windows\System32\OpenSSH\;C:\Program Files (x86)\NVIDIA Corporation\PhysX\Common;C:\WINDOWS\system32;C:\WINDOWS;C:\WINDOWS\System32\Wbem;C:\WINDOWS\System32\WindowsPowerShell\v1.0\;C:\WINDOWS\System32\OpenSSH\;C:\Users\27118\AppData\Roaming\Python;D:\Git\cmd;C:\Program Files\dotnet\;C:\Program Files\NVIDIA Corporation\NVIDIA App\NvDLISR;C:\Program Files\NVIDIA Corporation\Nsight Compute 2025.1.0\;C:\Program Files (x86)\Windows Kits\10\Windows Performance Toolkit\;C:\Program Files\Tailscale\;C:\Users\27118\AppData\Local\Programs\Python\Python311\Scripts\;C:\Users\27118\AppData\Local\Programs\Python\Python311\;C:\Users\27118\AppData\Local\Microsoft\WindowsApps;C:\Users\27118\AppData\Local\Programs\Microsoft VS Code\bin;C:\Users\27118\AppData\Roaming\Python\Python39\Scripts;C:\Program Files (x86)\Microsoft Visual Studio\2019\Community\VC\Tools\MSVC\14.29.30133\bin\Hostx64\x64;C:\Program Files (x86)\Microsoft Visual Studio\2019\Community\Common7\IDE;C:\Program Files (x86)\Microsoft Visual Studio\2019\Community\Common7\Tools;C:\Users\27118\Desktop\master_project\nerf-loc;D:\wget;D:\VS\2022\BuildTools\VC\Tools\MSVC\14.44.35207\bin\Hostx64\x64;C:\Program Files (x86)\Windows Kits\10\bin\10.0.26100.0\x64
187 [34672] INFO perfrun.launcher <> - set environment variable: INTEL_LIBITTNOTIFY32 = D:\Intel\oneAPI\vtune\2025.8\bin32\runtime\ittnotify_collector.dll
187 [34672] INFO perfrun.launcher <> - set environment variable: INTEL_LIBITTNOTIFY64 = D:\Intel\oneAPI\vtune\2025.8\bin64\runtime\ittnotify_collector.dll
187 [34672] INFO perfrun.launcher <> - set environment variable: INTEL_ITTNOTIFY_GROUPS = 
187 [34672] INFO perfrun.launcher <> - set environment variable: INTEL_JIT_PROFILER32 = D:\Intel\oneAPI\vtune\2025.8\bin32\runtime\ittnotify_collector.dll
187 [34672] INFO perfrun.launcher <> - set environment variable: INTEL_JIT_PROFILER64 = D:\Intel\oneAPI\vtune\2025.8\bin64\runtime\ittnotify_collector.dll
187 [34672] INFO perfrun.launcher <> - set environment variable: CCL_ITT_LEVEL = 1
187 [34672] INFO perfrun.launcher <> - set environment variable: ENABLE_JITPROFILING = 1
188 [34672] INFO perfrun.launcher <> - set environment variable: CL_CONFIG_USE_VTUNE = True
188 [34672] INFO perfrun.launcher <> - set environment variable: KMP_FORKJOIN_FRAMES = 0
188 [34672] INFO perfrun.launcher <> - set environment variable: KMP_FORKJOIN_FRAMES_MODE = 0
188 [34672] INFO perfrun.launcher <> - set environment variable: INTEL_MRTE_DATA_DIR = C:\Users\27118\Desktop\Imperial\abstraction-recovery\cpp\tmp\vtune_hotspots_admin_recheck\data.0
188 [34672] INFO perfrun.launcher <> - set environment variable: INTEL_MRTE_HOST_NAME = CHENG
188 [34672] INFO perfrun.launcher <> - set environment variable: JAVA_TOOL_OPTIONS = -agentlib:amplxe_samplingmrte_javaprof_1.0
188 [34672] INFO perfrun.launcher <> - set environment variable: PATH = D:\Intel\oneAPI\vtune\2025.8\bin32\runtime;D:\Intel\oneAPI\vtune\2025.8\bin64\runtime;C:\Program Files\NVIDIA GPU Computing Toolkit\CUDA\v12.8\bin;C:\Program Files\NVIDIA GPU Computing Toolkit\CUDA\v12.8\libnvvp;D:\CUDA\bin;D:\CUDA\libnvvp;E:\VMware\bin\;C:\Windows\system32;C:\Windows;C:\Windows\System32\Wbem;C:\Windows\System32\WindowsPowerShell\v1.0\;C:\Windows\System32\OpenSSH\;C:\Program Files (x86)\NVIDIA Corporation\PhysX\Common;C:\WINDOWS\system32;C:\WINDOWS;C:\WINDOWS\System32\Wbem;C:\WINDOWS\System32\WindowsPowerShell\v1.0\;C:\WINDOWS\System32\OpenSSH\;C:\Users\27118\AppData\Roaming\Python;D:\Git\cmd;C:\Program Files\dotnet\;C:\Program Files\NVIDIA Corporation\NVIDIA App\NvDLISR;C:\Program Files\NVIDIA Corporation\Nsight Compute 2025.1.0\;C:\Program Files (x86)\Windows Kits\10\Windows Performance Toolkit\;C:\Program Files\Tailscale\;C:\Users\27118\AppData\Local\Programs\Python\Python311\Scripts\;C:\Users\27118\AppData\Local\Programs\Python\Python311\;C:\Users\27118\AppData\Local\Microsoft\WindowsApps;C:\Users\27118\AppData\Local\Programs\Microsoft VS Code\bin;C:\Users\27118\AppData\Roaming\Python\Python39\Scripts;C:\Program Files (x86)\Microsoft Visual Studio\2019\Community\VC\Tools\MSVC\14.29.30133\bin\Hostx64\x64;C:\Program Files (x86)\Microsoft Visual Studio\2019\Community\Common7\IDE;C:\Program Files (x86)\Microsoft Visual Studio\2019\Community\Common7\Tools;C:\Users\27118\Desktop\master_project\nerf-loc;D:\wget;D:\VS\2022\BuildTools\VC\Tools\MSVC\14.44.35207\bin\Hostx64\x64;C:\Program Files (x86)\Windows Kits\10\bin\10.0.26100.0\x64
188 [34672] INFO perfrun.launcher <> - set environment variable: COR_ENABLE_PROFILING = 1
188 [34672] INFO perfrun.launcher <> - set environment variable: COR_PROFILER = {AA5E4821-E3B1-479c-B7FF-5AD047D22CED}
188 [34672] INFO perfrun.launcher <> - set environment variable: COMPLUS_ProfAPI_ProfilerCompatibilitySetting = EnableV2Profiler
188 [34672] INFO perfrun.launcher <> - set environment variable: CORECLR_ENABLE_PROFILING = 1
188 [34672] INFO perfrun.launcher <> - set environment variable: CORECLR_PROFILER = {AA5E4821-E3B1-479c-B7FF-5AD047D22CED}
188 [34672] INFO perfrun.launcher <> - set environment variable: CORECLR_PROFILER_PATH = D:\Intel\oneAPI\vtune\2025.8\bin64/amplxe_samplingmrte_clrprof_1.0.dll
188 [34672] INFO perfrun.launcher <> - set environment variable: INTEL_MRTE_PROFILER_MODE = mixed
188 [34672] INFO perfrun.launcher <> - RpcServer: run RPC server to handle requests
193 [34672] INFO perfrun.sdk <> - IProcessUtil: the given executable 'C:\Users\27118\Desktop\Imperial\abstraction-recovery\cpp\build\test_synthetic_se2_mg_svd.exe' is valid.
193 [34672] INFO perfrun.launcher <> - Launcher: command line to start before modification = C:\Users\27118\Desktop\Imperial\abstraction-recovery\cpp\build\test_synthetic_se2_mg_svd.exe --problem-file C:\Users\27118\Desktop\Imperial\abstraction-recovery\cpp\tmp\synthetic_se2_n512_seed0.problem --num-outer 3 --inner-cycles 3 --pre-sweeps 100 --group-size 20 --r-reduced 4 --sync-threads 1
194 [34672] INFO perfrun.launcher <> - Launcher: command line to start after modification = D:\Intel\oneAPI\vtune\2025.8\bin64\pin.exe -error_file C:\Users\27118\Desktop\Imperial\abstraction-recovery\cpp\tmp\vtune_hotspots_admin_recheck\data.0\pinerr.tpsslog -detach_reattach -probe -follow_execv -p32 D:\Intel\oneAPI\vtune\2025.8\bin32\pin.exe -p64 D:\Intel\oneAPI\vtune\2025.8\bin64\pin.exe -t64 D:\Intel\oneAPI\vtune\2025.8\bin64\tpsstool.dll -t D:\Intel\oneAPI\vtune\2025.8\bin32\tpsstool.dll -server_name tpss_ipc.10052 -prd_dir D:\Intel\oneAPI\vtune\2025.8 -- C:\Users\27118\Desktop\Imperial\abstraction-recovery\cpp\build\test_synthetic_se2_mg_svd.exe --problem-file C:\Users\27118\Desktop\Imperial\abstraction-recovery\cpp\tmp\synthetic_se2_n512_seed0.problem --num-outer 3 --inner-cycles 3 --pre-sweeps 100 --group-size 20 --r-reduced 4 --sync-threads 1
194 [34672] INFO perfrun.launcher <> - ProcessCreator object was created
197 [34672] INFO perfrun.launcher <> - Launcher: the process was started in suspend mode
204 [26364] INFO perfrun.itt <> - start itt controller for pid #36168
205 [26364] INFO perfrun.sdk <> - runCmd: D:\Intel\oneAPI\vtune\2025.8\bin64\emon.exe -M
212 [26364] INFO perfrun.sdk <> - runCmd started PID 34652
408 [26364] INFO perfrun.sdk <> - runCmd: D:\Intel\oneAPI\vtune\2025.8\bin64\emon.exe -v
410 [26364] INFO perfrun.sdk <> - runCmd started PID 34556
641 [26364] INFO perfrun.sdk <> - runCmd: D:\Intel\oneAPI\vtune\2025.8\bin64\sep.exe -dry-run -ec CPU_CLK_UNHALTED.THREAD:sa=2419000,CPU_CLK_UNHALTED.REF_TSC:sample:sa=2419000,INST_RETIRED.ANY:sample:sa=2419000,CPU_CLK_UNHALTED.DISTRIBUTED:sa=2419000,FP_ARITH_INST_RETIRED.SCALAR_SINGLE:sa=2000003,FP_ARITH_INST_RETIRED.128B_PACKED_SINGLE:sa=2000003,FP_ARITH_INST_RETIRED.256B_PACKED_SINGLE:sa=2000003,FP_ARITH_INST_RETIRED.SCALAR_DOUBLE:sa=2000003,FP_ARITH_INST_RETIRED.128B_PACKED_DOUBLE:sa=2000003,FP_ARITH_INST_RETIRED.256B_PACKED_DOUBLE:sa=2000003,UOPS_EXECUTED.X87:sa=2000003,UOPS_RETIRED.SLOTS:sa=2000003,UOPS_EXECUTED.THREAD:sa=2000003,TOPDOWN.SLOTS:sample:sa=2000003,TOPDOWN.SLOTS_P:sample:sa=2000003,TOPDOWN_RETIRING.ALL_P:sample:sa=2000003,TOPDOWN_RETIRING.ALL:sample:sa=2000003 -experimental
645 [26364] INFO perfrun.sdk <> - runCmd started PID 35744
861 [26364] INFO perfrun.sdk <> - runCmd: D:\Intel\oneAPI\vtune\2025.8\bin64\emon.exe -u -t 0.050 -l0 -A -C CPU_CLK_UNHALTED.DISTRIBUTED,CPU_CLK_UNHALTED.REF_TSC,CPU_CLK_UNHALTED.THREAD,FP_ARITH_INST_RETIRED.128B_PACKED_DOUBLE,FP_ARITH_INST_RETIRED.128B_PACKED_SINGLE,FP_ARITH_INST_RETIRED.256B_PACKED_DOUBLE,FP_ARITH_INST_RETIRED.256B_PACKED_SINGLE,FP_ARITH_INST_RETIRED.SCALAR_DOUBLE,FP_ARITH_INST_RETIRED.SCALAR_SINGLE,INST_RETIRED.ANY,TOPDOWN.SLOTS,TOPDOWN.SLOTS_P,TOPDOWN_RETIRING.ALL,TOPDOWN_RETIRING.ALL_P,UOPS_EXECUTED.THREAD,UOPS_EXECUTED.X87,UOPS_RETIRED.SLOTS -f C:\Users\27118\Desktop\Imperial\abstraction-recovery\cpp\tmp\vtune_hotspots_admin_recheck\data.0\emon.0.emon -experimental
863 [26364] INFO perfrun.sdk <> - runCmd started PID 33556
863 [26364] INFO perfrun.emon <> - Waiting trace file creation: C:\Users\27118\Desktop\Imperial\abstraction-recovery\cpp\tmp\vtune_hotspots_admin_recheck\data.0\emon.0.emon
1069 [26364] INFO perfrun.emon <> - trace file was found
1069 [26364] INFO perfrun.tpss <> - start tpss controller for pid #36168
1121 [34672] INFO perfrun.launcher <> - Launcher: all plugins were started
1121 [34672] INFO perfrun.launcher <> - DirectoryMonitor object was created
1121 [34672] INFO perfrun.launcher <> - DirectoryMonitor: a callback was added
1121 [34672] INFO perfrun.launcher <> - DirectoryMonitor was started with pingTime = 1000
1121 [34672] INFO perfrun.launcher <> - DeadlineTimer is going to be constructed
1121 [34672] INFO perfrun.launcher <> - DeadlineTimer: a callback was added
1131 [34672] INFO perfrun.launcher <> - Launcher: resume the profiled application and  wait its termination or stop command
1720 [34672] INFO perfrun.launcher <> - Launcher: the profiled application was terminated  with exit code = 0
1732 [26364] INFO perfrun.itt <> - detach itt controller
1732 [26364] INFO perfrun.itt <> - detach itt controller done
1732 [26364] INFO perfrun.sdk <> - runCmd: D:\Intel\oneAPI\vtune\2025.8\bin64\emon.exe -stop
1735 [26364] INFO perfrun.sdk <> - runCmd started PID 16324
2059 [26364] INFO perfrun.emon <> - EMON collector successfully stopped.

2059 [26364] INFO perfrun.emon <> - Waiting for main Emon process (33556) to finish...
2163 [26364] INFO perfrun.emon <> - Main Emon process finished
2163 [26364] INFO perfrun.tpss <> - stop tpss controller
2237 [26364] INFO perfrun.sdk <> - De-allocating TMU: C:\Users\27118\Desktop\Imperial\abstraction-recovery\cpp\tmp\vtune_hotspots_admin_recheck\data.0\systemcollector-10052-CHENG.sc
2256 [26364] INFO perfrun.system <> - closed the system trace file: C:\Users\27118\Desktop\Imperial\abstraction-recovery\cpp\tmp\vtune_hotspots_admin_recheck\data.0\systemcollector-10052-CHENG.sc
2256 [34672] INFO perfrun.launcher <> - Launcher: all plugins were stopped.
2256 [34672] INFO perfrun.launcher <> - DeadlineTimer is going to be destroyed
2256 [34672] INFO perfrun.launcher <> - DeadlineTimer was destroyed
2257 [34672] INFO perfrun.launcher <> - DirectoryMonitor object was destroyed
2257 [34672] WARN perfrun.launcher <> - Stop command is ignored because it is received when collection is already stopped, at file: vcs\perfrun1\launcher\src\command_handler.cpp:226
2264 [34672] INFO perfrun.launcher <> - Application exit code: 0
2264 [34672] INFO perfrun.launcher <> - Exit code: 0
