-- Building CHOLMOD version: v5.3.0 (June 20, 2024)
-- The C compiler identification is MSVC 19.44.35217.0
-- Detecting C compiler ABI info
-- Detecting C compiler ABI info - done
-- Check for working C compiler: D:/VS/2022/BuildTools/VC/Tools/MSVC/14.44.35207/bin/Hostx64/x64/cl.exe - skipped
-- Detecting C compile features
-- Detecting C compile features - done
-- Source:           C:/Users/27118/Desktop/Imperial/abstraction-recovery/cpp/vcpkg_installed/vcpkg/blds/suitesparse-cholmod/src/v7.8.3-371eca9f9f.clean/CHOLMOD 
-- Build:            C:/Users/27118/Desktop/Imperial/abstraction-recovery/cpp/vcpkg_installed/vcpkg/blds/suitesparse-cholmod/x64-windows-dbg 
-- Install lib:      lib
-- Install include:  include/suitesparse
-- Install bin:      bin
-- Install pkg-file: lib
-- Install rpath:    $ORIGIN
-- Build   rpath:    
-- Build type:       Debug 
-- Fortran:          not enabled
-- Looking for sys/types.h
-- Looking for sys/types.h - found
-- Looking for stdint.h
-- Looking for stdint.h - found
-- Looking for stddef.h
-- Looking for stddef.h - found
-- Check size of ssize_t
-- Check size of ssize_t - failed
-- CHOLMOD has OpenMP: OFF
-- Could NOT find SuiteSparse_config (missing: SuiteSparse_config_DIR)
-- SuiteSparse_config version: 7.8.3
-- SuiteSparse_config include: C:/Users/27118/Desktop/Imperial/abstraction-recovery/cpp/vcpkg_installed/x64-windows/include/suitesparse
-- SuiteSparse_config library: C:/Users/27118/Desktop/Imperial/abstraction-recovery/cpp/vcpkg_installed/x64-windows/debug/lib/suitesparseconfig.lib
-- SuiteSparse_config static:  
-- Could NOT find AMD (missing: AMD_DIR)
-- AMD version: 3.3.3
-- AMD include: C:/Users/27118/Desktop/Imperial/abstraction-recovery/cpp/vcpkg_installed/x64-windows/include/suitesparse
-- AMD library: C:/Users/27118/Desktop/Imperial/abstraction-recovery/cpp/vcpkg_installed/x64-windows/debug/lib/amd.lib
-- AMD static:  
-- Could NOT find COLAMD (missing: COLAMD_DIR)
-- COLAMD version: 3.3.4
-- COLAMD include: C:/Users/27118/Desktop/Imperial/abstraction-recovery/cpp/vcpkg_installed/x64-windows/include/suitesparse
-- COLAMD library: C:/Users/27118/Desktop/Imperial/abstraction-recovery/cpp/vcpkg_installed/x64-windows/debug/lib/colamd.lib
-- COLAMD static:  
-- Could NOT find CAMD (missing: CAMD_DIR)
-- CAMD version: 3.3.3
-- CAMD include: C:/Users/27118/Desktop/Imperial/abstraction-recovery/cpp/vcpkg_installed/x64-windows/include/suitesparse
-- CAMD library: C:/Users/27118/Desktop/Imperial/abstraction-recovery/cpp/vcpkg_installed/x64-windows/debug/lib/camd.lib
-- CAMD static:  
-- Could NOT find CCOLAMD (missing: CCOLAMD_DIR)
-- CCOLAMD version: 3.3.4
-- CCOLAMD include: C:/Users/27118/Desktop/Imperial/abstraction-recovery/cpp/vcpkg_installed/x64-windows/include/suitesparse
-- CCOLAMD library: C:/Users/27118/Desktop/Imperial/abstraction-recovery/cpp/vcpkg_installed/x64-windows/debug/lib/ccolamd.lib
-- CCOLAMD static:  
-- Looking for sgemm_
-- Looking for sgemm_ - found
-- Found BLAS: C:/Users/27118/Desktop/Imperial/abstraction-recovery/cpp/vcpkg_installed/x64-windows/debug/lib/openblas.lib
-- Using VCPKG FindLAPACK from package 'lapack-reference'
-- Performing Test CMAKE_HAVE_LIBC_PTHREAD
-- Performing Test CMAKE_HAVE_LIBC_PTHREAD - Failed
-- Looking for pthread_create in pthreads
-- Looking for pthread_create in pthreads - not found
-- Looking for pthread_create in pthread
-- Looking for pthread_create in pthread - not found
-- Found Threads: TRUE
-- Looking for cheev_
-- Looking for cheev_ - not found
-- Looking for cheev_
-- Looking for cheev_ - not found
-- Looking for cheev_
-- Looking for cheev_ - found
-- A library with LAPACK API found.
-- Performing Test HAVE_KEYWORD__DECLSPEC_THREAD
-- Performing Test HAVE_KEYWORD__DECLSPEC_THREAD - Success
-- Performing Test HAVE_KEYWORD__THREAD
-- Performing Test HAVE_KEYWORD__THREAD - Failed
-- Performing Test HAVE_KEYWORD__THREAD_LOCAL
-- Performing Test HAVE_KEYWORD__THREAD_LOCAL - Failed
-- __declspec(thread) keyword: available
-- __thread keyword: not available
-- _Thread_local_thread keyword: not available
-- Looking for fmax
-- Looking for fmax - found
-- LAPACK libraries:    C:/Users/27118/Desktop/Imperial/abstraction-recovery/cpp/vcpkg_installed/x64-windows/debug/lib/lapack.lib;C:/Users/27118/Desktop/Imperial/abstraction-recovery/cpp/vcpkg_installed/x64-windows/debug/lib/openblas.lib
-- LAPACK include:      
-- LAPACK linker flags: 
-- BLAS libraries:      C:/Users/27118/Desktop/Imperial/abstraction-recovery/cpp/vcpkg_installed/x64-windows/debug/lib/openblas.lib
-- BLAS include:        
-- BLAS linker flags:   
-- ------------------------------------------------------------------------
-- SuiteSparse CMAKE report for: CHOLMOD
-- ------------------------------------------------------------------------
-- inside common SuiteSparse root:  OFF
-- install in SuiteSparse/lib and SuiteSparse/include: OFF
-- build type:           Debug
-- BUILD_SHARED_LIBS:    ON
-- BUILD_STATIC_LIBS:    0
-- C compiler:           D:/VS/2022/BuildTools/VC/Tools/MSVC/14.44.35207/bin/Hostx64/x64/cl.exe 
-- C flags:               /nologo /DWIN32 /D_WINDOWS /utf-8 /MP 
-- C++ compiler:         
-- C++ flags:             /nologo /DWIN32 /D_WINDOWS /utf-8 /GR /EHsc /MP 
-- C Flags debug:        /MDd /Z7 /Ob0 /Od /RTC1  
-- C++ Flags debug:      /MDd /Z7 /Ob0 /Od /RTC1  
-- Fortran compiler:     none
-- compile definitions:  _CRT_SECURE_NO_WARNINGS;NO_SSIZE_T;NMATRIXOPS;NMODIFY;BLAS64__SUFFIX=_;HAVE_KEYWORD__DECLSPEC_THREAD
-- BLAS integer:         int32_t
-- ------------------------------------------------------------------------
-- Configuring done (10.0s)
-- Generating done (0.3s)
-- Build files have been written to: C:/Users/27118/Desktop/Imperial/abstraction-recovery/cpp/vcpkg_installed/vcpkg/blds/suitesparse-cholmod/x64-windows-dbg
