-- Using cached DrTimothyAldenDavis-SuiteSparse-v7.8.3.tar.gz
-- Extracting source C:/Users/27118/AppData/Local/vcpkg/downloads/DrTimothyAldenDavis-SuiteSparse-v7.8.3.tar.gz
-- Applying patch 001-dont-override-cuda-architectures.patch
-- Using source at C:/Users/27118/Desktop/Imperial/abstraction-recovery/cpp/vcpkg_installed/vcpkg/blds/suitesparse-cholmod/src/v7.8.3-371eca9f9f.clean
-- Found external ninja('1.12.1').
-- Configuring x64-windows-dbg
-- Configuring x64-windows-rel
CMake Warning at C:/Users/27118/Desktop/Imperial/abstraction-recovery/cpp/vcpkg_installed/x64-windows/share/vcpkg-cmake/vcpkg_cmake_configure.cmake:344 (message):
  The following variables are not used in CMakeLists.txt:

      SUITESPARSE_USE_64BIT_BLAS

  Please recheck them and remove the unnecessary options from the
  `vcpkg_cmake_configure` call.

  If these options should still be passed for whatever reason, please use the
  `MAYBE_UNUSED_VARIABLES` argument.
Call Stack (most recent call first):
  C:/Users/27118/AppData/Local/vcpkg/registries/git-trees/d5b65e6c6db8bb75f0701ff5164a83556fb0cb2e/portfile.cmake:36 (vcpkg_cmake_configure)
  scripts/ports.cmake:206 (include)


-- Building x64-windows-dbg
-- Building x64-windows-rel
-- Using cached msys2-mingw-w64-x86_64-pkgconf-1~2.4.3-1-any.pkg.tar.zst
-- Using cached msys2-msys2-runtime-3.6.2-2-x86_64.pkg.tar.zst
-- Using msys root at C:/Users/27118/AppData/Local/vcpkg/downloads/tools/msys2/9272adbcaf19caef
-- Installing: C:/Users/27118/Desktop/Imperial/abstraction-recovery/cpp/vcpkg_installed/vcpkg/pkgs/suitesparse-cholmod_x64-windows/share/suitesparse-cholmod/copyright
-- Performing post-build validation
