-- Building SuiteSparse_config version: v7.8.3 (Oct 10, 2024)
-- The C compiler identification is MSVC 19.44.35217.0
-- Detecting C compiler ABI info
-- Detecting C compiler ABI info - done
-- Check for working C compiler: D:/VS/2022/BuildTools/VC/Tools/MSVC/14.44.35207/bin/Hostx64/x64/cl.exe - skipped
-- Detecting C compile features
-- Detecting C compile features - done
-- Source:           C:/Users/27118/Desktop/Imperial/abstraction-recovery/cpp/vcpkg_installed/vcpkg/blds/suitesparse-config/src/v7.8.3-ee8b79bb01.clean/SuiteSparse_config 
-- Build:            C:/Users/27118/Desktop/Imperial/abstraction-recovery/cpp/vcpkg_installed/vcpkg/blds/suitesparse-config/x64-windows-dbg 
-- Install lib:      lib
-- Install include:  include/suitesparse
-- Install bin:      bin
-- Install pkg-file: lib
-- Install rpath:    $ORIGIN
-- Build   rpath:    
-- Build type:       Debug 
-- Fortran:          not enabled
-- CUDA:             not enabled
-- C to Fortran calling protocol: 
--     SUITESPARSE_HAS_FORTRAN  : OFF
--     FortranCInterface_GLOBAL_MACRO  : (name,NAME) name
--     FortranCInterface_GLOBAL__MACRO : (name,NAME) name
-- SuiteSparse_config has OpenMP: OFF
-- Looking for clock_gettime
-- Looking for clock_gettime - not found
-- Looking for clock_gettime
-- Looking for clock_gettime - not found
-- No OpenMP and no clock_gettime available. Timing functions won't work.
-- Looking for sgemm_
-- Looking for sgemm_ - found
-- Found BLAS: C:/Users/27118/Desktop/Imperial/abstraction-recovery/cpp/vcpkg_installed/x64-windows/debug/lib/openblas.lib
-- Looking for fmax
-- Looking for fmax - found
-- BLAS libraries:      C:/Users/27118/Desktop/Imperial/abstraction-recovery/cpp/vcpkg_installed/x64-windows/debug/lib/openblas.lib 
-- BLAS linker flags:    
-- BLAS include:         
-- ------------------------------------------------------------------------
-- SuiteSparse CMAKE report for: SuiteSparseConfig
-- ------------------------------------------------------------------------
-- inside common SuiteSparse root:  OFF
-- install in SuiteSparse/lib and SuiteSparse/include: OFF
-- build type:           Debug
-- BUILD_SHARED_LIBS:    ON
-- BUILD_STATIC_LIBS:    0
-- C compiler:           D:/VS/2022/BuildTools/VC/Tools/MSVC/14.44.35207/bin/Hostx64/x64/cl.exe 
-- C flags:               /nologo /DWIN32 /D_WINDOWS /utf-8 /MP 
-- C++ compiler:         
-- C++ flags:             /nologo /DWIN32 /D_WINDOWS /utf-8 /GR /EHsc /MP 
-- C Flags debug:        /MDd /Z7 /Ob0 /Od /RTC1  
-- C++ Flags debug:      /MDd /Z7 /Ob0 /Od /RTC1  
-- Fortran compiler:     none
-- compile definitions:  _CRT_SECURE_NO_WARNINGS;BLAS64__SUFFIX=_
-- BLAS integer:         int32_t
-- ------------------------------------------------------------------------
-- Configuring done (4.5s)
-- Generating done (0.1s)
-- Build files have been written to: C:/Users/27118/Desktop/Imperial/abstraction-recovery/cpp/vcpkg_installed/vcpkg/blds/suitesparse-config/x64-windows-dbg
