Change Dir: 'C:/Users/27118/Desktop/Imperial/abstraction-recovery/cpp/vcpkg_installed/vcpkg/blds/suitesparse-config/x64-windows-dbg'

Run Build Command(s): D:/VS/2022/BuildTools/Common7/IDE/CommonExtensions/Microsoft/CMake/Ninja/ninja.exe -v -v -j33 install
[1/3] D:\VS\2022\BuildTools\VC\Tools\MSVC\14.44.35207\bin\Hostx64\x64\cl.exe   -DBLAS64__SUFFIX=_ -DSuiteSparseConfig_EXPORTS -D_CRT_SECURE_NO_WARNINGS -IC:\Users\27118\Desktop\Imperial\abstraction-recovery\cpp\vcpkg_installed\vcpkg\blds\suitesparse-config\x64-windows-dbg -IC:\Users\27118\Desktop\Imperial\abstraction-recovery\cpp\vcpkg_installed\vcpkg\blds\suitesparse-config\src\v7.8.3-ee8b79bb01.clean\SuiteSparse_config /nologo /DWIN32 /D_WINDOWS /utf-8 /MP  /MDd /Z7 /Ob0 /Od /RTC1  -std:c11 -MDd /showIncludes /FoCMakeFiles\SuiteSparseConfig.dir\SuiteSparse_config.c.obj /FdCMakeFiles\SuiteSparseConfig.dir\ /FS -c C:\Users\27118\Desktop\Imperial\abstraction-recovery\cpp\vcpkg_installed\vcpkg\blds\suitesparse-config\src\v7.8.3-ee8b79bb01.clean\SuiteSparse_config\SuiteSparse_config.c
[2/3] C:\WINDOWS\system32\cmd.exe /C "C:\WINDOWS\system32\cmd.exe /C "C:\Users\27118\AppData\Local\vcpkg\downloads\tools\cmake-3.30.1-windows\cmake-3.30.1-windows-i386\bin\cmake.exe -E __create_def C:\Users\27118\Desktop\Imperial\abstraction-recovery\cpp\vcpkg_installed\vcpkg\blds\suitesparse-config\x64-windows-dbg\CMakeFiles\SuiteSparseConfig.dir\.\exports.def C:\Users\27118\Desktop\Imperial\abstraction-recovery\cpp\vcpkg_installed\vcpkg\blds\suitesparse-config\x64-windows-dbg\CMakeFiles\SuiteSparseConfig.dir\.\exports.def.objs && cd C:\Users\27118\Desktop\Imperial\abstraction-recovery\cpp\vcpkg_installed\vcpkg\blds\suitesparse-config\x64-windows-dbg" && C:\Users\27118\AppData\Local\vcpkg\downloads\tools\cmake-3.30.1-windows\cmake-3.30.1-windows-i386\bin\cmake.exe -E vs_link_dll --intdir=CMakeFiles\SuiteSparseConfig.dir --rc=C:\PROGRA~2\WI3CF2~1\10\bin\100261~1.0\x64\rc.exe --mt=C:\PROGRA~2\WI3CF2~1\10\bin\100261~1.0\x64\mt.exe --manifests  -- D:\VS\2022\BuildTools\VC\Tools\MSVC\14.44.35207\bin\Hostx64\x64\link.exe  CMakeFiles\SuiteSparseConfig.dir\SuiteSparse_config.c.obj  /out:suitesparseconfig.dll /implib:suitesparseconfig.lib /pdb:suitesparseconfig.pdb /dll /version:7.8 /machine:x64 /nologo    /debug /INCREMENTAL  /DEF:CMakeFiles\SuiteSparseConfig.dir\.\exports.def  kernel32.lib user32.lib gdi32.lib winspool.lib shell32.lib ole32.lib oleaut32.lib uuid.lib comdlg32.lib advapi32.lib && cd ."
[2/3] C:\WINDOWS\system32\cmd.exe /C "cd /D C:\Users\27118\Desktop\Imperial\abstraction-recovery\cpp\vcpkg_installed\vcpkg\blds\suitesparse-config\x64-windows-dbg && C:\Users\27118\AppData\Local\vcpkg\downloads\tools\cmake-3.30.1-windows\cmake-3.30.1-windows-i386\bin\cmake.exe -P cmake_install.cmake"
-- Install configuration: "Debug"
-- Installing: C:/Users/27118/Desktop/Imperial/abstraction-recovery/cpp/vcpkg_installed/vcpkg/pkgs/suitesparse-config_x64-windows/debug/lib/suitesparseconfig.lib
-- Installing: C:/Users/27118/Desktop/Imperial/abstraction-recovery/cpp/vcpkg_installed/vcpkg/pkgs/suitesparse-config_x64-windows/debug/bin/suitesparseconfig.dll
-- Installing: C:/Users/27118/Desktop/Imperial/abstraction-recovery/cpp/vcpkg_installed/vcpkg/pkgs/suitesparse-config_x64-windows/debug/include/suitesparse/SuiteSparse_config.h
-- Installing: C:/Users/27118/Desktop/Imperial/abstraction-recovery/cpp/vcpkg_installed/vcpkg/pkgs/suitesparse-config_x64-windows/debug/lib/cmake/SuiteSparse/SuiteSparseBLAS.cmake
-- Installing: C:/Users/27118/Desktop/Imperial/abstraction-recovery/cpp/vcpkg_installed/vcpkg/pkgs/suitesparse-config_x64-windows/debug/lib/cmake/SuiteSparse/SuiteSparseBLAS32.cmake
-- Installing: C:/Users/27118/Desktop/Imperial/abstraction-recovery/cpp/vcpkg_installed/vcpkg/pkgs/suitesparse-config_x64-windows/debug/lib/cmake/SuiteSparse/SuiteSparseBLAS64.cmake
-- Installing: C:/Users/27118/Desktop/Imperial/abstraction-recovery/cpp/vcpkg_installed/vcpkg/pkgs/suitesparse-config_x64-windows/debug/lib/cmake/SuiteSparse/SuiteSparseLAPACK.cmake
-- Installing: C:/Users/27118/Desktop/Imperial/abstraction-recovery/cpp/vcpkg_installed/vcpkg/pkgs/suitesparse-config_x64-windows/debug/lib/cmake/SuiteSparse/SuiteSparsePolicy.cmake
-- Installing: C:/Users/27118/Desktop/Imperial/abstraction-recovery/cpp/vcpkg_installed/vcpkg/pkgs/suitesparse-config_x64-windows/debug/lib/cmake/SuiteSparse/SuiteSparseReport.cmake
-- Installing: C:/Users/27118/Desktop/Imperial/abstraction-recovery/cpp/vcpkg_installed/vcpkg/pkgs/suitesparse-config_x64-windows/debug/lib/cmake/SuiteSparse/SuiteSparse__thread.cmake
-- Installing: C:/Users/27118/Desktop/Imperial/abstraction-recovery/cpp/vcpkg_installed/vcpkg/pkgs/suitesparse-config_x64-windows/debug/lib/cmake/SuiteSparse_config/SuiteSparse_configTargets.cmake
-- Installing: C:/Users/27118/Desktop/Imperial/abstraction-recovery/cpp/vcpkg_installed/vcpkg/pkgs/suitesparse-config_x64-windows/debug/lib/cmake/SuiteSparse_config/SuiteSparse_configTargets-debug.cmake
-- Installing: C:/Users/27118/Desktop/Imperial/abstraction-recovery/cpp/vcpkg_installed/vcpkg/pkgs/suitesparse-config_x64-windows/debug/lib/cmake/SuiteSparse_config/SuiteSparse_configConfig.cmake
-- Installing: C:/Users/27118/Desktop/Imperial/abstraction-recovery/cpp/vcpkg_installed/vcpkg/pkgs/suitesparse-config_x64-windows/debug/lib/cmake/SuiteSparse_config/SuiteSparse_configConfigVersion.cmake

