-- Building AMD version: v3.3.3 (June 20, 2024)
-- The C compiler identification is MSVC 19.44.35217.0
-- Detecting C compiler ABI info
-- Detecting C compiler ABI info - done
-- Check for working C compiler: D:/VS/2022/BuildTools/VC/Tools/MSVC/14.44.35207/bin/Hostx64/x64/cl.exe - skipped
-- Detecting C compile features
-- Detecting C compile features - done
-- Source:           C:/Users/27118/Desktop/Imperial/abstraction-recovery/cpp/vcpkg_installed/vcpkg/blds/suitesparse-amd/src/v7.8.3-ee8b79bb01.clean/AMD 
-- Build:            C:/Users/27118/Desktop/Imperial/abstraction-recovery/cpp/vcpkg_installed/vcpkg/blds/suitesparse-amd/x64-windows-rel 
-- Install lib:      lib
-- Install include:  include/suitesparse
-- Install bin:      bin
-- Install pkg-file: lib
-- Install rpath:    $ORIGIN
-- Build   rpath:    
-- Build type:       Release 
-- Fortran:          not enabled
-- CUDA:             not enabled
-- Could NOT find SuiteSparse_config (missing: SuiteSparse_config_DIR)
-- SuiteSparse_config version: 7.8.3
-- SuiteSparse_config include: C:/Users/27118/Desktop/Imperial/abstraction-recovery/cpp/vcpkg_installed/x64-windows/include/suitesparse
-- SuiteSparse_config library: C:/Users/27118/Desktop/Imperial/abstraction-recovery/cpp/vcpkg_installed/x64-windows/lib/suitesparseconfig.lib
-- SuiteSparse_config static:  
-- Skipping the demos in AMD/Demo
-- ------------------------------------------------------------------------
-- SuiteSparse CMAKE report for: AMD
-- ------------------------------------------------------------------------
-- inside common SuiteSparse root:  OFF
-- install in SuiteSparse/lib and SuiteSparse/include: OFF
-- build type:           Release
-- BUILD_SHARED_LIBS:    ON
-- BUILD_STATIC_LIBS:    0
-- C compiler:           D:/VS/2022/BuildTools/VC/Tools/MSVC/14.44.35207/bin/Hostx64/x64/cl.exe 
-- C flags:               /nologo /DWIN32 /D_WINDOWS /utf-8 /MP 
-- C++ compiler:         
-- C++ flags:             /nologo /DWIN32 /D_WINDOWS /utf-8 /GR /EHsc /MP 
-- C Flags release:      /MD /O2 /Oi /Gy /DNDEBUG /Z7  
-- C++ Flags release:    /MD /O2 /Oi /Gy /DNDEBUG /Z7  
-- Fortran compiler:     none
-- compile definitions:  _CRT_SECURE_NO_WARNINGS
-- ------------------------------------------------------------------------
-- Configuring done (1.3s)
-- Generating done (0.1s)
-- Build files have been written to: C:/Users/27118/Desktop/Imperial/abstraction-recovery/cpp/vcpkg_installed/vcpkg/blds/suitesparse-amd/x64-windows-rel
