[1/2] "C:/Users/27118/AppData/Local/vcpkg/downloads/tools/cmake-3.30.1-windows/cmake-3.30.1-windows-i386/bin/cmake.exe" -E chdir "../../x64-windows-dbg" "C:/Users/27118/AppData/Local/vcpkg/downloads/tools/cmake-3.30.1-windows/cmake-3.30.1-windows-i386/bin/cmake.exe" "C:/Users/27118/Desktop/Imperial/abstraction-recovery/cpp/vcpkg_installed/vcpkg/blds/lapack-reference/src/v3.12.1-204dab315c.clean" "-G" "Ninja" "-DCMAKE_BUILD_TYPE=Debug" "-DCMAKE_INSTALL_PREFIX=C:/Users/27118/Desktop/Imperial/abstraction-recovery/cpp/vcpkg_installed/vcpkg/pkgs/lapack-reference_x64-windows/debug" "-DFETCHCONTENT_FULLY_DISCONNECTED=ON" "-DBUILD_INDEX64_EXT_API=OFF" "-DUSE_OPTIMIZED_BLAS=ON" "-DCMAKE_REQUIRE_FIND_PACKAGE_BLAS=ON" "-DCBLAS=OFF" "-DTEST_FORTRAN_COMPILER=OFF" "-DCMAKE_GNUtoMS=ON" "-DCMAKE_Fortran_COMPILER=C:/Users/27118/AppData/Local/vcpkg/downloads/tools/msys2/b2ad05bc5351fe51/mingw64/bin/gfortran.exe" "-DCMAKE_C_COMPILER=C:/Users/27118/AppData/Local/vcpkg/downloads/tools/msys2/b2ad05bc5351fe51/mingw64/bin/gcc.exe" "-DCMAKE_Fortran_FLAGS_INIT:STRING= -mabi=ms -m64 " "-DCMAKE_MAKE_PROGRAM=D:/VS/2022/BuildTools/Common7/IDE/CommonExtensions/Microsoft/CMake/Ninja/ninja.exe" "-DBUILD_SHARED_LIBS=ON" "-DVCPKG_CHAINLOAD_TOOLCHAIN_FILE=D:/VS/2022/BuildTools/VC/vcpkg/scripts/toolchains/mingw.cmake" "-DVCPKG_TARGET_TRIPLET=x64-windows" "-DVCPKG_SET_CHARSET_FLAG=ON" "-DVCPKG_PLATFORM_TOOLSET=v143" "-DCMAKE_EXPORT_NO_PACKAGE_REGISTRY=ON" "-DCMAKE_FIND_PACKAGE_NO_PACKAGE_REGISTRY=ON" "-DCMAKE_FIND_PACKAGE_NO_SYSTEM_PACKAGE_REGISTRY=ON" "-DCMAKE_INSTALL_SYSTEM_RUNTIME_LIBS_SKIP=TRUE" "-DCMAKE_VERBOSE_MAKEFILE=ON" "-DVCPKG_APPLOCAL_DEPS=OFF" "-DCMAKE_TOOLCHAIN_FILE=D:/VS/2022/BuildTools/VC/vcpkg/scripts/buildsystems/vcpkg.cmake" "-DCMAKE_ERROR_ON_ABSOLUTE_INSTALL_DESTINATION=ON" "-DVCPKG_CXX_FLAGS=" "-DVCPKG_CXX_FLAGS_RELEASE=" "-DVCPKG_CXX_FLAGS_DEBUG=" "-DVCPKG_C_FLAGS=" "-DVCPKG_C_FLAGS_RELEASE=" "-DVCPKG_C_FLAGS_DEBUG=" "-DVCPKG_CRT_LINKAGE=dynamic" "-DVCPKG_LINKER_FLAGS=" "-DVCPKG_LINKER_FLAGS_RELEASE=" "-DVCPKG_LINKER_FLAGS_DEBUG=" "-DVCPKG_TARGET_ARCHITECTURE=x64" "-DCMAKE_INSTALL_LIBDIR:STRING=lib" "-DCMAKE_INSTALL_BINDIR:STRING=bin" "-D_VCPKG_ROOT_DIR=D:/VS/2022/BuildTools/VC/vcpkg" "-D_VCPKG_INSTALLED_DIR=C:/Users/27118/Desktop/Imperial/abstraction-recovery/cpp/vcpkg_installed" "-DVCPKG_MANIFEST_INSTALL=OFF"
-- The C compiler identification is GNU 15.1.0
-- Detecting C compiler ABI info
-- Detecting C compiler ABI info - done
-- Check for working C compiler: C:/Users/27118/AppData/Local/vcpkg/downloads/tools/msys2/b2ad05bc5351fe51/mingw64/bin/gcc.exe - skipped
-- Detecting C compile features
-- Detecting C compile features - done
-- Checking if build type is 'Coverage'
-- Checking if build type is 'Coverage': 0
-- Build Index-64 API as extended API with _64 suffix: OFF
-- Build tests: OFF
-- Build deprecated routines: OFF
-- Build single precision real: ON
-- Build double precision real: ON
-- Build single precision complex: ON
-- Build double precision complex: ON
-- Looking for sgemm_
-- Looking for sgemm_ - found
-- Found BLAS: C:/Users/27118/Desktop/Imperial/abstraction-recovery/cpp/vcpkg_installed/x64-windows/debug/lib/openblas.lib
-- Using supplied NETLIB LAPACK implementation
-- The Fortran compiler identification is GNU 15.1.0
-- Detecting Fortran compiler ABI info
-- Detecting Fortran compiler ABI info - done
-- Check for working Fortran compiler: C:/Users/27118/AppData/Local/vcpkg/downloads/tools/msys2/b2ad05bc5351fe51/mingw64/bin/gfortran.exe - skipped
-- Reducing RELEASE optimization level to O2
-- Looking for Fortran NONE - found
-- Looking for Fortran INT_CPU_TIME - found
-- Looking for Fortran EXT_ETIME - not found
-- Looking for Fortran EXT_ETIME_ - not found
-- Looking for Fortran INT_ETIME - found
-- --> Will use second_INT_ETIME.f and dsecnd_INT_ETIME.f as timing function.
-- Detecting Fortran/C Interface
-- Detecting Fortran/C Interface - Found GLOBAL and MODULE mangling
-- Verifying Fortran/C Compiler Compatibility
-- Verifying Fortran/C Compiler Compatibility - Success
-- Build html documentation: OFF
-- Build man documentation: OFF
-- Configuring done (17.1s)
-- Generating done (2.0s)
CMake Warning:
  Manually-specified variables were not used by the project:

    FETCHCONTENT_FULLY_DISCONNECTED
    VCPKG_PLATFORM_TOOLSET
    VCPKG_SET_CHARSET_FLAG
    _VCPKG_ROOT_DIR


-- Build files have been written to: C:/Users/27118/Desktop/Imperial/abstraction-recovery/cpp/vcpkg_installed/vcpkg/blds/lapack-reference/x64-windows-dbg
[2/2] "C:/Users/27118/AppData/Local/vcpkg/downloads/tools/cmake-3.30.1-windows/cmake-3.30.1-windows-i386/bin/cmake.exe" -E chdir ".." "C:/Users/27118/AppData/Local/vcpkg/downloads/tools/cmake-3.30.1-windows/cmake-3.30.1-windows-i386/bin/cmake.exe" "C:/Users/27118/Desktop/Imperial/abstraction-recovery/cpp/vcpkg_installed/vcpkg/blds/lapack-reference/src/v3.12.1-204dab315c.clean" "-G" "Ninja" "-DCMAKE_BUILD_TYPE=Release" "-DCMAKE_INSTALL_PREFIX=C:/Users/27118/Desktop/Imperial/abstraction-recovery/cpp/vcpkg_installed/vcpkg/pkgs/lapack-reference_x64-windows" "-DFETCHCONTENT_FULLY_DISCONNECTED=ON" "-DBUILD_INDEX64_EXT_API=OFF" "-DUSE_OPTIMIZED_BLAS=ON" "-DCMAKE_REQUIRE_FIND_PACKAGE_BLAS=ON" "-DCBLAS=OFF" "-DTEST_FORTRAN_COMPILER=OFF" "-DCMAKE_GNUtoMS=ON" "-DCMAKE_Fortran_COMPILER=C:/Users/27118/AppData/Local/vcpkg/downloads/tools/msys2/b2ad05bc5351fe51/mingw64/bin/gfortran.exe" "-DCMAKE_C_COMPILER=C:/Users/27118/AppData/Local/vcpkg/downloads/tools/msys2/b2ad05bc5351fe51/mingw64/bin/gcc.exe" "-DCMAKE_Fortran_FLAGS_INIT:STRING= -mabi=ms -m64 " "-DCMAKE_MAKE_PROGRAM=D:/VS/2022/BuildTools/Common7/IDE/CommonExtensions/Microsoft/CMake/Ninja/ninja.exe" "-DBUILD_SHARED_LIBS=ON" "-DVCPKG_CHAINLOAD_TOOLCHAIN_FILE=D:/VS/2022/BuildTools/VC/vcpkg/scripts/toolchains/mingw.cmake" "-DVCPKG_TARGET_TRIPLET=x64-windows" "-DVCPKG_SET_CHARSET_FLAG=ON" "-DVCPKG_PLATFORM_TOOLSET=v143" "-DCMAKE_EXPORT_NO_PACKAGE_REGISTRY=ON" "-DCMAKE_FIND_PACKAGE_NO_PACKAGE_REGISTRY=ON" "-DCMAKE_FIND_PACKAGE_NO_SYSTEM_PACKAGE_REGISTRY=ON" "-DCMAKE_INSTALL_SYSTEM_RUNTIME_LIBS_SKIP=TRUE" "-DCMAKE_VERBOSE_MAKEFILE=ON" "-DVCPKG_APPLOCAL_DEPS=OFF" "-DCMAKE_TOOLCHAIN_FILE=D:/VS/2022/BuildTools/VC/vcpkg/scripts/buildsystems/vcpkg.cmake" "-DCMAKE_ERROR_ON_ABSOLUTE_INSTALL_DESTINATION=ON" "-DVCPKG_CXX_FLAGS=" "-DVCPKG_CXX_FLAGS_RELEASE=" "-DVCPKG_CXX_FLAGS_DEBUG=" "-DVCPKG_C_FLAGS=" "-DVCPKG_C_FLAGS_RELEASE=" "-DVCPKG_C_FLAGS_DEBUG=" "-DVCPKG_CRT_LINKAGE=dynamic" "-DVCPKG_LINKER_FLAGS=" "-DVCPKG_LINKER_FLAGS_RELEASE=" "-DVCPKG_LINKER_FLAGS_DEBUG=" "-DVCPKG_TARGET_ARCHITECTURE=x64" "-DCMAKE_INSTALL_LIBDIR:STRING=lib" "-DCMAKE_INSTALL_BINDIR:STRING=bin" "-D_VCPKG_ROOT_DIR=D:/VS/2022/BuildTools/VC/vcpkg" "-D_VCPKG_INSTALLED_DIR=C:/Users/27118/Desktop/Imperial/abstraction-recovery/cpp/vcpkg_installed" "-DVCPKG_MANIFEST_INSTALL=OFF"
-- The C compiler identification is GNU 15.1.0
-- Detecting C compiler ABI info
-- Detecting C compiler ABI info - done
-- Check for working C compiler: C:/Users/27118/AppData/Local/vcpkg/downloads/tools/msys2/b2ad05bc5351fe51/mingw64/bin/gcc.exe - skipped
-- Detecting C compile features
-- Detecting C compile features - done
-- Checking if build type is 'Coverage'
-- Checking if build type is 'Coverage': 0
-- Build Index-64 API as extended API with _64 suffix: OFF
-- Build tests: OFF
-- Build deprecated routines: OFF
-- Build single precision real: ON
-- Build double precision real: ON
-- Build single precision complex: ON
-- Build double precision complex: ON
-- Looking for sgemm_
-- Looking for sgemm_ - found
-- Found BLAS: C:/Users/27118/Desktop/Imperial/abstraction-recovery/cpp/vcpkg_installed/x64-windows/lib/openblas.lib
-- Using supplied NETLIB LAPACK implementation
-- The Fortran compiler identification is GNU 15.1.0
-- Detecting Fortran compiler ABI info
-- Detecting Fortran compiler ABI info - done
-- Check for working Fortran compiler: C:/Users/27118/AppData/Local/vcpkg/downloads/tools/msys2/b2ad05bc5351fe51/mingw64/bin/gfortran.exe - skipped
-- Reducing RELEASE optimization level to O2
-- Looking for Fortran NONE - found
-- Looking for Fortran INT_CPU_TIME - found
-- Looking for Fortran EXT_ETIME - not found
-- Looking for Fortran EXT_ETIME_ - not found
-- Looking for Fortran INT_ETIME - found
-- --> Will use second_INT_ETIME.f and dsecnd_INT_ETIME.f as timing function.
-- Detecting Fortran/C Interface
-- Detecting Fortran/C Interface - Found GLOBAL and MODULE mangling
-- Verifying Fortran/C Compiler Compatibility
-- Verifying Fortran/C Compiler Compatibility - Success
-- Build html documentation: OFF
-- Build man documentation: OFF
-- Configuring done (17.1s)
-- Generating done (2.0s)
CMake Warning:
  Manually-specified variables were not used by the project:

    FETCHCONTENT_FULLY_DISCONNECTED
    VCPKG_PLATFORM_TOOLSET
    VCPKG_SET_CHARSET_FLAG
    _VCPKG_ROOT_DIR


-- Build files have been written to: C:/Users/27118/Desktop/Imperial/abstraction-recovery/cpp/vcpkg_installed/vcpkg/blds/lapack-reference/x64-windows-rel
