43 [31108] INFO perfrun.launcher <> - Launcher main begin
48 [31108] INFO perfrun.launcher <> - MessageCatalogInit finished
48 [31108] INFO perfrun.launcher <> - Launcher instance created
48 [31108] INFO perfrun.launcher <> - argc = 7; cmdline = D:\Intel\oneAPI\vtune\2025.8\bin64\amplxe-runss.exe --ui-output-format xml --ui-output-fd 588 --option-file C:\Users\27118\Desktop\Imperial\abstraction-recovery\cpp\tmp\vtune_memory_admin_probe\config\runsa.options 
74 [31108] INFO perfrun.launcher <> - New signal handler callback was added
144 [31108] INFO perfrun.perfcollector <> - SEP tool path: D:\Intel\oneAPI\vtune\2025.8\bin64\sep.exe
155 [31108] INFO perfrun.launcher <> - create msngr2::ICliToolContext
156 [31108] INFO perfrun.launcher <> - create file finder object
156 [31108] INFO perfrun.launcher <> - create a result directory: pattern = C:\Users\27118\Desktop\Imperial\abstraction-recovery\cpp\tmp\vtune_memory_admin_probe pid = 4294967295
165 [31108] INFO perfrun.launcher <> - create data directory = C:\Users\27118\Desktop\Imperial\abstraction-recovery\cpp\tmp\vtune_memory_admin_probe\data.0
166 [31108] INFO perfrun.launcher <> - Creating the master collection flag
174 [31108] INFO perfrun.launcher <> - Done creating the master collection flag
174 [9756] INFO perfrun.launcher <> - plugin [remoteplug] was disabled because it doesn't support the given collection type.
175 [9756] INFO perfrun.sdk <> - Allocating TMU :C:\Users\27118\Desktop\Imperial\abstraction-recovery\cpp\tmp\vtune_memory_admin_probe\data.0\systemcollector-33656-CHENG.sc
175 [9756] INFO perfrun.launcher <> - plugin [] was disabled because it doesn't support the given collection type.
176 [9756] INFO perfrun.launcher <> - plugin [] was disabled because it doesn't support the given collection type.
176 [9756] INFO perfrun.launcher <> - plugin [gpu] was disabled because it doesn't support the given collection type.
176 [9756] INFO perfrun.launcher <> - plugin [etw.kernel] was disabled because it doesn't support the given collection type.
176 [9756] INFO perfrun.launcher <> - plugin [etw.dx] was disabled because it doesn't support the given collection type.
176 [9756] INFO perfrun.launcher <> - plugin [etw.wsa] was disabled because it doesn't support the given collection type.
176 [9756] INFO perfrun.mrte <> - system-wide mode is 0
177 [9756] INFO perfrun.mrte <> - Getting  mrte profiling environment ...
185 [9756] INFO perfrun.mrte <> - INTEL_MRTE_DATA_DIR=C:\Users\27118\Desktop\Imperial\abstraction-recovery\cpp\tmp\vtune_memory_admin_probe\data.0
185 [9756] INFO perfrun.mrte <> - INTEL_MRTE_HOST_NAME=CHENG
185 [9756] INFO perfrun.mrte <> - JAVA_TOOL_OPTIONS=-agentlib:amplxe_samplingmrte_javaprof_1.0
185 [9756] INFO perfrun.mrte <> - PATH=D:\Intel\oneAPI\vtune\2025.8\bin32\runtime;D:\Intel\oneAPI\vtune\2025.8\bin64\runtime;C:\Program Files\NVIDIA GPU Computing Toolkit\CUDA\v12.8\bin;C:\Program Files\NVIDIA GPU Computing Toolkit\CUDA\v12.8\libnvvp;D:\CUDA\bin;D:\CUDA\libnvvp;E:\VMware\bin\;C:\Windows\system32;C:\Windows;C:\Windows\System32\Wbem;C:\Windows\System32\WindowsPowerShell\v1.0\;C:\Windows\System32\OpenSSH\;C:\Program Files (x86)\NVIDIA Corporation\PhysX\Common;C:\WINDOWS\system32;C:\WINDOWS;C:\WINDOWS\System32\Wbem;C:\WINDOWS\System32\WindowsPowerShell\v1.0\;C:\WINDOWS\System32\OpenSSH\;C:\Users\27118\AppData\Roaming\Python;D:\Git\cmd;C:\Program Files\dotnet\;C:\Program Files\NVIDIA Corporation\NVIDIA App\NvDLISR;C:\Program Files\NVIDIA Corporation\Nsight Compute 2025.1.0\;C:\Program Files (x86)\Windows Kits\10\Windows Performance Toolkit\;C:\Program Files\Tailscale\;C:\Users\27118\AppData\Local\Programs\Python\Python311\Scripts\;C:\Users\27118\AppData\Local\Programs\Python\Python311\;C:\Users\27118\AppData\Local\Microsoft\WindowsApps;C:\Users\27118\AppData\Local\Programs\Microsoft VS Code\bin;C:\Users\27118\AppData\Roaming\Python\Python39\Scripts;C:\Program Files (x86)\Microsoft Visual Studio\2019\Community\VC\Tools\MSVC\14.29.30133\bin\Hostx64\x64;C:\Program Files (x86)\Microsoft Visual Studio\2019\Community\Common7\IDE;C:\Program Files (x86)\Microsoft Visual Studio\2019\Community\Common7\Tools;C:\Users\27118\Desktop\master_project\nerf-loc;D:\wget;D:\VS\2022\BuildTools\VC\Tools\MSVC\14.44.35207\bin\Hostx64\x64;C:\Program Files (x86)\Windows Kits\10\bin\10.0.26100.0\x64
185 [9756] INFO perfrun.mrte <> - COR_ENABLE_PROFILING=1
185 [9756] INFO perfrun.mrte <> - COR_PROFILER={AA5E4821-E3B1-479c-B7FF-5AD047D22CED}
185 [9756] INFO perfrun.mrte <> - COMPLUS_ProfAPI_ProfilerCompatibilitySetting=EnableV2Profiler
185 [9756] INFO perfrun.mrte <> - CORECLR_ENABLE_PROFILING=1
185 [9756] INFO perfrun.mrte <> - CORECLR_PROFILER={AA5E4821-E3B1-479c-B7FF-5AD047D22CED}
185 [9756] INFO perfrun.mrte <> - CORECLR_PROFILER_PATH=D:\Intel\oneAPI\vtune\2025.8\bin64/amplxe_samplingmrte_clrprof_1.0.dll
185 [9756] INFO perfrun.mrte <> - INTEL_MRTE_PROFILER_MODE=mixed
185 [9756] INFO perfrun.mrte <> - Data directory: C:\Users\27118\Desktop\Imperial\abstraction-recovery\cpp\tmp\vtune_memory_admin_probe\data.0
185 [9756] INFO perfrun.mrte <> - Mrte plugin is initialized
185 [9756] INFO perfrun.launcher <> - plugin [emon] was disabled because it doesn't support the given collection type.
185 [9756] INFO perfrun.launcher <> - plugin [cuscol] was disabled because it doesn't support the given collection type.
185 [9756] INFO perfrun.launcher <> - plugin [stdsrc] was disabled because it doesn't support the given collection type.
186 [9756] INFO perfrun.sdk <> - runCmd: D:\Intel\oneAPI\vtune\2025.8\bin64\sep.exe -dry-run -ec CPU_CLK_UNHALTED.THREAD:sa=2419000,CPU_CLK_UNHALTED.REF_TSC:sample:sa=2419000,INST_RETIRED.ANY:sample:sa=2419000,CPU_CLK_UNHALTED.DISTRIBUTED:sa=2419000,MEM_INST_RETIRED.ALL_LOADS:sa=100003,MEM_INST_RETIRED.ALL_STORES:sa=100003,MEM_TRANS_RETIRED.LOAD_LATENCY_GT_4:sa=10003,MEM_UOPS_RETIRED.ALL_LOADS:sa=100003,MEM_UOPS_RETIRED.ALL_STORES:sa=100003,MEM_UOPS_RETIRED.LOAD_LATENCY_GT_4:sa=50003,MEM_LOAD_UOPS_RETIRED.DRAM_HIT:sa=100003,CPU_CLK_UNHALTED.THREAD_P,CYCLE_ACTIVITY.CYCLES_MEM_ANY,DTLB_LOAD_MISSES.STLB_HIT:cmask=1,DTLB_LOAD_MISSES.WALK_ACTIVE,DTLB_LOAD_MISSES.WALK_COMPLETED_1G,DTLB_LOAD_MISSES.WALK_COMPLETED_2M_4M,DTLB_LOAD_MISSES.WALK_COMPLETED_4K,DTLB_STORE_MISSES.STLB_HIT:cmask=1,DTLB_STORE_MISSES.WALK_ACTIVE,DTLB_STORE_MISSES.WALK_COMPLETED_1G,DTLB_STORE_MISSES.WALK_COMPLETED_2M_4M,DTLB_STORE_MISSES.WALK_COMPLETED_4K,EXE_ACTIVITY.BOUND_ON_LOADS,EXE_ACTIVITY.BOUND_ON_STORES,FRONTEND_RETIRED.LATENCY_GE_4,IDQ_BUBBLES.CORE,INT_MISC.UOP_DROPPING,L1D_PEND_MISS.FB_FULL,L1D_PEND_MISS.L2_STALLS,L1D_PEND_MISS.PENDING,L2_RQSTS.ALL_RFO,L2_RQSTS.RFO_HIT,LD_BLOCKS.NO_SR,LD_BLOCKS.STORE_FORWARD,MEMORY_ACTIVITY.CYCLES_L1D_MISS,MEMORY_ACTIVITY.STALLS_L1D_MISS,MEMORY_ACTIVITY.STALLS_L2_MISS,MEMORY_ACTIVITY.STALLS_L3_MISS,MEM_INST_RETIRED.LOCK_LOADS,MEM_INST_RETIRED.SPLIT_LOADS,MEM_INST_RETIRED.SPLIT_STORES,MEM_INST_RETIRED.STLB_MISS_LOADS,MEM_INST_RETIRED.STLB_MISS_STORES,MEM_LOAD_COMPLETED.L1_MISS_ANY,MEM_LOAD_L3_HIT_RETIRED.XSNP_FWD,MEM_LOAD_L3_HIT_RETIRED.XSNP_MISS,MEM_LOAD_L3_HIT_RETIRED.XSNP_NO_FWD,MEM_LOAD_RETIRED.FB_HIT,MEM_LOAD_RETIRED.L1_HIT,MEM_LOAD_RETIRED.L1_MISS,MEM_LOAD_RETIRED.L2_HIT,MEM_LOAD_RETIRED.L3_HIT,MEM_LOAD_RETIRED.L3_MISS,MEM_STORE_RETIRED.L2_HIT,OFFCORE_REQUESTS_OUTSTANDING.ALL_DATA_RD:cmask=4,OFFCORE_REQUESTS_OUTSTANDING.CYCLES_WITH_DATA_RD,OFFCORE_REQUESTS_OUTSTANDING.CYCLES_WITH_DEMAND_RFO,TOPDOWN.BACKEND_BOUND_SLOTS,TOPDOWN.MEMORY_BOUND_SLOTS,TOPDOWN.SLOTS,UOPS_RETIRED.SLOTS,XQ.FULL_CYCLES,LD_HEAD.ANY_AT_RET,LD_HEAD.DTLB_MISS_AT_RET,LD_HEAD.L1_BOUND_AT_RET,LD_HEAD.L1_MISS_AT_RET,LD_HEAD.OTHER_AT_RET,LD_HEAD.PGWALK_AT_RET,LD_HEAD.ST_ADDR_AT_RET,MEM_BOUND_STALLS.LOAD,MEM_BOUND_STALLS.LOAD_DRAM_HIT,MEM_BOUND_STALLS.LOAD_L2_HIT,MEM_BOUND_STALLS.LOAD_LLC_HIT,MEM_SCHEDULER_BLOCK.ALL,MEM_SCHEDULER_BLOCK.ST_BUF,TOPDOWN_BE_BOUND.ALL,TOPDOWN_BE_BOUND.MEM_SCHEDULER,TOPDOWN_FE_BOUND.ALL,TOPDOWN_RETIRING.ALL,OCR.DEMAND_RFO.L3_HIT.SNOOP_HITM,OCR.DEMAND_DATA_RD.L3_HIT.SNOOP_HIT_WITH_FWD,OCR.STREAMING_WR.ANY_RESPONSE,OCR.DEMAND_DATA_RD.L3_HIT.SNOOP_HITM,TOPDOWN.SLOTS_P,UNC_M_CAS_COUNT_RD,UNC_M_CAS_COUNT_WR -experimental
189 [9756] INFO perfrun.sdk <> - runCmd started PID 31384
401 [9756] INFO perfrun.launcher <> - plugin [vtsspp] was disabled because it doesn't support the given collection type.
401 [9756] INFO perfrun.launcher <> - plugin [perf] was disabled because it doesn't support the given collection type.
401 [9756] INFO perfrun.launcher <> - plugin [aoclprofile] was disabled because it doesn't support the given collection type.
401 [9756] INFO perfrun.tpss <> - initialize tpss controller
401 [9756] INFO perfrun.launcher <> - plugin [tpss] was disabled because it doesn't support the given collection type.
401 [9756] INFO perfrun.launcher <> - plugin [] was disabled because it doesn't support the given collection type.
401 [9756] INFO perfrun.launcher <> - plugin [] was disabled because it doesn't support the given collection type.
401 [9756] INFO perfrun.launcher <> - plugin [] was disabled because it doesn't support the given collection type.
401 [9756] INFO perfrun.launcher <> - plugin [] was disabled because it doesn't support the given collection type.
401 [9756] INFO perfrun.launcher <> - plugin [power] was disabled because it doesn't support the given collection type.
401 [9756] INFO perfrun.launcher <> - plugin [] was disabled because it doesn't support the given collection type.
401 [9756] INFO perfrun.launcher <> - plugin [] was disabled because it doesn't support the given collection type.
401 [9756] INFO perfrun.launcher <> - plugin [] was disabled because it doesn't support the given collection type.
401 [9756] INFO perfrun.launcher <> - plugin [l0_metrics] was disabled because it doesn't support the given collection type.
401 [9756] INFO perfrun.launcher <> - plugin [stall_reasons] was disabled because it doesn't support the given collection type.
402 [31108] INFO perfrun.launcher <> - set environment variable: PATH = D:\Intel\oneAPI\vtune\2025.8\bin32\runtime;D:\Intel\oneAPI\vtune\2025.8\bin64\runtime;C:\Program Files\NVIDIA GPU Computing Toolkit\CUDA\v12.8\bin;C:\Program Files\NVIDIA GPU Computing Toolkit\CUDA\v12.8\libnvvp;D:\CUDA\bin;D:\CUDA\libnvvp;E:\VMware\bin\;C:\Windows\system32;C:\Windows;C:\Windows\System32\Wbem;C:\Windows\System32\WindowsPowerShell\v1.0\;C:\Windows\System32\OpenSSH\;C:\Program Files (x86)\NVIDIA Corporation\PhysX\Common;C:\WINDOWS\system32;C:\WINDOWS;C:\WINDOWS\System32\Wbem;C:\WINDOWS\System32\WindowsPowerShell\v1.0\;C:\WINDOWS\System32\OpenSSH\;C:\Users\27118\AppData\Roaming\Python;D:\Git\cmd;C:\Program Files\dotnet\;C:\Program Files\NVIDIA Corporation\NVIDIA App\NvDLISR;C:\Program Files\NVIDIA Corporation\Nsight Compute 2025.1.0\;C:\Program Files (x86)\Windows Kits\10\Windows Performance Toolkit\;C:\Program Files\Tailscale\;C:\Users\27118\AppData\Local\Programs\Python\Python311\Scripts\;C:\Users\27118\AppData\Local\Programs\Python\Python311\;C:\Users\27118\AppData\Local\Microsoft\WindowsApps;C:\Users\27118\AppData\Local\Programs\Microsoft VS Code\bin;C:\Users\27118\AppData\Roaming\Python\Python39\Scripts;C:\Program Files (x86)\Microsoft Visual Studio\2019\Community\VC\Tools\MSVC\14.29.30133\bin\Hostx64\x64;C:\Program Files (x86)\Microsoft Visual Studio\2019\Community\Common7\IDE;C:\Program Files (x86)\Microsoft Visual Studio\2019\Community\Common7\Tools;C:\Users\27118\Desktop\master_project\nerf-loc;D:\wget;D:\VS\2022\BuildTools\VC\Tools\MSVC\14.44.35207\bin\Hostx64\x64;C:\Program Files (x86)\Windows Kits\10\bin\10.0.26100.0\x64
402 [31108] INFO perfrun.launcher <> - set environment variable: INTEL_LIBITTNOTIFY32 = D:\Intel\oneAPI\vtune\2025.8\bin32\runtime\ittnotify_collector.dll
402 [31108] INFO perfrun.launcher <> - set environment variable: INTEL_LIBITTNOTIFY64 = D:\Intel\oneAPI\vtune\2025.8\bin64\runtime\ittnotify_collector.dll
402 [31108] INFO perfrun.launcher <> - set environment variable: INTEL_ITTNOTIFY_GROUPS = 
402 [31108] INFO perfrun.launcher <> - set environment variable: INTEL_JIT_PROFILER32 = D:\Intel\oneAPI\vtune\2025.8\bin32\runtime\ittnotify_collector.dll
402 [31108] INFO perfrun.launcher <> - set environment variable: INTEL_JIT_PROFILER64 = D:\Intel\oneAPI\vtune\2025.8\bin64\runtime\ittnotify_collector.dll
402 [31108] INFO perfrun.launcher <> - set environment variable: CCL_ITT_LEVEL = 1
402 [31108] INFO perfrun.launcher <> - set environment variable: ENABLE_JITPROFILING = 1
402 [31108] INFO perfrun.launcher <> - set environment variable: CL_CONFIG_USE_VTUNE = True
403 [31108] INFO perfrun.launcher <> - set environment variable: KMP_FORKJOIN_FRAMES = 0
403 [31108] INFO perfrun.launcher <> - set environment variable: KMP_FORKJOIN_FRAMES_MODE = 0
403 [31108] INFO perfrun.launcher <> - set environment variable: INTEL_MRTE_DATA_DIR = C:\Users\27118\Desktop\Imperial\abstraction-recovery\cpp\tmp\vtune_memory_admin_probe\data.0
403 [31108] INFO perfrun.launcher <> - set environment variable: INTEL_MRTE_HOST_NAME = CHENG
403 [31108] INFO perfrun.launcher <> - set environment variable: JAVA_TOOL_OPTIONS = -agentlib:amplxe_samplingmrte_javaprof_1.0
403 [31108] INFO perfrun.launcher <> - set environment variable: PATH = D:\Intel\oneAPI\vtune\2025.8\bin32\runtime;D:\Intel\oneAPI\vtune\2025.8\bin64\runtime;C:\Program Files\NVIDIA GPU Computing Toolkit\CUDA\v12.8\bin;C:\Program Files\NVIDIA GPU Computing Toolkit\CUDA\v12.8\libnvvp;D:\CUDA\bin;D:\CUDA\libnvvp;E:\VMware\bin\;C:\Windows\system32;C:\Windows;C:\Windows\System32\Wbem;C:\Windows\System32\WindowsPowerShell\v1.0\;C:\Windows\System32\OpenSSH\;C:\Program Files (x86)\NVIDIA Corporation\PhysX\Common;C:\WINDOWS\system32;C:\WINDOWS;C:\WINDOWS\System32\Wbem;C:\WINDOWS\System32\WindowsPowerShell\v1.0\;C:\WINDOWS\System32\OpenSSH\;C:\Users\27118\AppData\Roaming\Python;D:\Git\cmd;C:\Program Files\dotnet\;C:\Program Files\NVIDIA Corporation\NVIDIA App\NvDLISR;C:\Program Files\NVIDIA Corporation\Nsight Compute 2025.1.0\;C:\Program Files (x86)\Windows Kits\10\Windows Performance Toolkit\;C:\Program Files\Tailscale\;C:\Users\27118\AppData\Local\Programs\Python\Python311\Scripts\;C:\Users\27118\AppData\Local\Programs\Python\Python311\;C:\Users\27118\AppData\Local\Microsoft\WindowsApps;C:\Users\27118\AppData\Local\Programs\Microsoft VS Code\bin;C:\Users\27118\AppData\Roaming\Python\Python39\Scripts;C:\Program Files (x86)\Microsoft Visual Studio\2019\Community\VC\Tools\MSVC\14.29.30133\bin\Hostx64\x64;C:\Program Files (x86)\Microsoft Visual Studio\2019\Community\Common7\IDE;C:\Program Files (x86)\Microsoft Visual Studio\2019\Community\Common7\Tools;C:\Users\27118\Desktop\master_project\nerf-loc;D:\wget;D:\VS\2022\BuildTools\VC\Tools\MSVC\14.44.35207\bin\Hostx64\x64;C:\Program Files (x86)\Windows Kits\10\bin\10.0.26100.0\x64
403 [31108] INFO perfrun.launcher <> - set environment variable: COR_ENABLE_PROFILING = 1
403 [31108] INFO perfrun.launcher <> - set environment variable: COR_PROFILER = {AA5E4821-E3B1-479c-B7FF-5AD047D22CED}
403 [31108] INFO perfrun.launcher <> - set environment variable: COMPLUS_ProfAPI_ProfilerCompatibilitySetting = EnableV2Profiler
403 [31108] INFO perfrun.launcher <> - set environment variable: CORECLR_ENABLE_PROFILING = 1
403 [31108] INFO perfrun.launcher <> - set environment variable: CORECLR_PROFILER = {AA5E4821-E3B1-479c-B7FF-5AD047D22CED}
403 [31108] INFO perfrun.launcher <> - set environment variable: CORECLR_PROFILER_PATH = D:\Intel\oneAPI\vtune\2025.8\bin64/amplxe_samplingmrte_clrprof_1.0.dll
403 [31108] INFO perfrun.launcher <> - set environment variable: INTEL_MRTE_PROFILER_MODE = mixed
403 [31108] INFO perfrun.launcher <> - RpcServer: run RPC server to handle requests
409 [31108] INFO perfrun.sdk <> - IProcessUtil: the given executable 'C:\Users\27118\Desktop\Imperial\abstraction-recovery\cpp\build\test_synthetic_se2_mg_svd.exe' is valid.
409 [31108] INFO perfrun.launcher <> - Launcher: command line to start before modification = C:\Users\27118\Desktop\Imperial\abstraction-recovery\cpp\build\test_synthetic_se2_mg_svd.exe --problem-file C:\Users\27118\Desktop\Imperial\abstraction-recovery\cpp\tmp\synthetic_se2_n512_seed0.problem --num-outer 3 --inner-cycles 3 --pre-sweeps 100 --group-size 20 --r-reduced 4 --sync-threads 1
409 [31108] INFO perfrun.launcher <> - Launcher: command line to start after modification = C:\Users\27118\Desktop\Imperial\abstraction-recovery\cpp\build\test_synthetic_se2_mg_svd.exe --problem-file C:\Users\27118\Desktop\Imperial\abstraction-recovery\cpp\tmp\synthetic_se2_n512_seed0.problem --num-outer 3 --inner-cycles 3 --pre-sweeps 100 --group-size 20 --r-reduced 4 --sync-threads 1
409 [31108] INFO perfrun.launcher <> - ProcessCreator object was created
412 [31108] INFO perfrun.launcher <> - Launcher: the process was started in suspend mode
412 [9756] INFO perfrun.launcher <> - Messenger::say: Peak bandwidth measurement started.
7044 [9756] INFO perfrun.launcher <> - Messenger::say: Peak bandwidth measurement finished.
7045 [9756] INFO perfrun.itt <> - start itt controller for pid #24728
7048 [9756] INFO perfrun.sdk <> - runCmd: D:\Intel\oneAPI\vtune\2025.8\bin64\sep.exe -start -experimental -uem timer=10 -em factor=5 -p-state trigger=CPU_CLK_UNHALTED.REF_TSC -out C:\Users\27118\Desktop\Imperial\abstraction-recovery\cpp\tmp\vtune_memory_admin_probe\data.0\sep261c.20260415T094928.515030 -ec INST_RETIRED.ANY:sample:sa=2419000,CPU_CLK_UNHALTED.THREAD:sa=2419000,CPU_CLK_UNHALTED.REF_TSC:sample:sa=2419000,MEM_INST_RETIRED.ALL_LOADS:sa=100003,MEM_INST_RETIRED.ALL_STORES:sa=100003,DTLB_LOAD_MISSES.STLB_HIT:cmask=1,DTLB_LOAD_MISSES.WALK_ACTIVE,MEM_TRANS_RETIRED.LOAD_LATENCY_GT_4:sa=10003,CPU_CLK_UNHALTED.DISTRIBUTED:sa=2419000,CPU_CLK_UNHALTED.THREAD_P,CYCLE_ACTIVITY.CYCLES_MEM_ANY,DTLB_LOAD_MISSES.WALK_COMPLETED_1G,DTLB_LOAD_MISSES.WALK_COMPLETED_2M_4M,DTLB_LOAD_MISSES.WALK_COMPLETED_4K,DTLB_STORE_MISSES.STLB_HIT:cmask=1,EXE_ACTIVITY.BOUND_ON_LOADS,EXE_ACTIVITY.BOUND_ON_STORES,FRONTEND_RETIRED.LATENCY_GE_4,IDQ_BUBBLES.CORE,DTLB_STORE_MISSES.WALK_ACTIVE,DTLB_STORE_MISSES.WALK_COMPLETED_1G,DTLB_STORE_MISSES.WALK_COMPLETED_2M_4M,DTLB_STORE_MISSES.WALK_COMPLETED_4K,INT_MISC.UOP_DROPPING,TOPDOWN.BACKEND_BOUND_SLOTS,TOPDOWN.MEMORY_BOUND_SLOTS,UOPS_RETIRED.SLOTS,L1D_PEND_MISS.FB_FULL,L1D_PEND_MISS.L2_STALLS,L1D_PEND_MISS.PENDING,L2_RQSTS.ALL_RFO,TOPDOWN.SLOTS_P,L2_RQSTS.RFO_HIT,LD_BLOCKS.NO_SR,LD_BLOCKS.STORE_FORWARD,MEMORY_ACTIVITY.CYCLES_L1D_MISS,MEMORY_ACTIVITY.STALLS_L1D_MISS,MEMORY_ACTIVITY.STALLS_L2_MISS,MEMORY_ACTIVITY.STALLS_L3_MISS,MEM_INST_RETIRED.LOCK_LOADS,MEM_INST_RETIRED.SPLIT_LOADS,MEM_INST_RETIRED.SPLIT_STORES,MEM_INST_RETIRED.STLB_MISS_LOADS,MEM_INST_RETIRED.STLB_MISS_STORES,MEM_LOAD_COMPLETED.L1_MISS_ANY,MEM_LOAD_L3_HIT_RETIRED.XSNP_FWD,MEM_LOAD_L3_HIT_RETIRED.XSNP_MISS,MEM_LOAD_L3_HIT_RETIRED.XSNP_NO_FWD,MEM_LOAD_RETIRED.FB_HIT,MEM_LOAD_RETIRED.L1_HIT,MEM_LOAD_RETIRED.L1_MISS,MEM_LOAD_RETIRED.L2_HIT,MEM_LOAD_RETIRED.L3_HIT,MEM_LOAD_RETIRED.L3_MISS,MEM_STORE_RETIRED.L2_HIT,OFFCORE_REQUESTS_OUTSTANDING.ALL_DATA_RD:cmask=4,OFFCORE_REQUESTS_OUTSTANDING.CYCLES_WITH_DATA_RD,OFFCORE_REQUESTS_OUTSTANDING.CYCLES_WITH_DEMAND_RFO,XQ.FULL_CYCLES,OCR.DEMAND_RFO.L3_HIT.SNOOP_HITM,OCR.DEMAND_DATA_RD.L3_HIT.SNOOP_HIT_WITH_FWD,OCR.STREAMING_WR.ANY_RESPONSE,OCR.DEMAND_DATA_RD.L3_HIT.SNOOP_HITM,MEM_UOPS_RETIRED.ALL_LOADS:sa=100003,MEM_UOPS_RETIRED.ALL_STORES:sa=100003,MEM_LOAD_UOPS_RETIRED.DRAM_HIT:sa=100003,LD_HEAD.ANY_AT_RET,LD_HEAD.DTLB_MISS_AT_RET,LD_HEAD.L1_BOUND_AT_RET,LD_HEAD.L1_MISS_AT_RET,LD_HEAD.OTHER_AT_RET,LD_HEAD.PGWALK_AT_RET,LD_HEAD.ST_ADDR_AT_RET,MEM_BOUND_STALLS.LOAD,MEM_BOUND_STALLS.LOAD_DRAM_HIT,MEM_BOUND_STALLS.LOAD_L2_HIT,MEM_BOUND_STALLS.LOAD_LLC_HIT,MEM_SCHEDULER_BLOCK.ALL,MEM_SCHEDULER_BLOCK.ST_BUF,TOPDOWN_BE_BOUND.ALL,TOPDOWN_BE_BOUND.MEM_SCHEDULER,TOPDOWN_FE_BOUND.ALL,TOPDOWN_RETIRING.ALL,UNC_M_CAS_COUNT_RD,UNC_M_CAS_COUNT_WR, -d 0 -uem factor=10
7059 [9756] INFO perfrun.sdk <> - runCmd started PID 34852
37565 [9756] WARN perfrun.sep <> - checkCollectionStatus timed out after 30 seconds, checkStarted: 1, at file: vcs\perfrun1\plugins\sep\src\controller.cpp:290
37566 [9756] INFO perfrun.sdk <> - runCmd: D:\Intel\oneAPI\vtune\2025.8\bin64\sep.exe -start -d 1 -experimental -uem timer=10 -em factor=5 -p-state trigger=CPU_CLK_UNHALTED.REF_TSC -out C:\Users\27118\Desktop\Imperial\abstraction-recovery\cpp\tmp\vtune_memory_admin_probe\data.0\sep261c.20260415T094928.515030 -ec INST_RETIRED.ANY:sample:sa=2419000,CPU_CLK_UNHALTED.THREAD:sa=2419000,CPU_CLK_UNHALTED.REF_TSC:sample:sa=2419000,MEM_INST_RETIRED.ALL_LOADS:sa=100003,MEM_INST_RETIRED.ALL_STORES:sa=100003,DTLB_LOAD_MISSES.STLB_HIT:cmask=1,DTLB_LOAD_MISSES.WALK_ACTIVE,MEM_TRANS_RETIRED.LOAD_LATENCY_GT_4:sa=10003,CPU_CLK_UNHALTED.DISTRIBUTED:sa=2419000,CPU_CLK_UNHALTED.THREAD_P,CYCLE_ACTIVITY.CYCLES_MEM_ANY,DTLB_LOAD_MISSES.WALK_COMPLETED_1G,DTLB_LOAD_MISSES.WALK_COMPLETED_2M_4M,DTLB_LOAD_MISSES.WALK_COMPLETED_4K,DTLB_STORE_MISSES.STLB_HIT:cmask=1,EXE_ACTIVITY.BOUND_ON_LOADS,EXE_ACTIVITY.BOUND_ON_STORES,FRONTEND_RETIRED.LATENCY_GE_4,IDQ_BUBBLES.CORE,DTLB_STORE_MISSES.WALK_ACTIVE,DTLB_STORE_MISSES.WALK_COMPLETED_1G,DTLB_STORE_MISSES.WALK_COMPLETED_2M_4M,DTLB_STORE_MISSES.WALK_COMPLETED_4K,INT_MISC.UOP_DROPPING,TOPDOWN.BACKEND_BOUND_SLOTS,TOPDOWN.MEMORY_BOUND_SLOTS,UOPS_RETIRED.SLOTS,L1D_PEND_MISS.FB_FULL,L1D_PEND_MISS.L2_STALLS,L1D_PEND_MISS.PENDING,L2_RQSTS.ALL_RFO,TOPDOWN.SLOTS_P,L2_RQSTS.RFO_HIT,LD_BLOCKS.NO_SR,LD_BLOCKS.STORE_FORWARD,MEMORY_ACTIVITY.CYCLES_L1D_MISS,MEMORY_ACTIVITY.STALLS_L1D_MISS,MEMORY_ACTIVITY.STALLS_L2_MISS,MEMORY_ACTIVITY.STALLS_L3_MISS,MEM_INST_RETIRED.LOCK_LOADS,MEM_INST_RETIRED.SPLIT_LOADS,MEM_INST_RETIRED.SPLIT_STORES,MEM_INST_RETIRED.STLB_MISS_LOADS,MEM_INST_RETIRED.STLB_MISS_STORES,MEM_LOAD_COMPLETED.L1_MISS_ANY,MEM_LOAD_L3_HIT_RETIRED.XSNP_FWD,MEM_LOAD_L3_HIT_RETIRED.XSNP_MISS,MEM_LOAD_L3_HIT_RETIRED.XSNP_NO_FWD,MEM_LOAD_RETIRED.FB_HIT,MEM_LOAD_RETIRED.L1_HIT,MEM_LOAD_RETIRED.L1_MISS,MEM_LOAD_RETIRED.L2_HIT,MEM_LOAD_RETIRED.L3_HIT,MEM_LOAD_RETIRED.L3_MISS,MEM_STORE_RETIRED.L2_HIT,OFFCORE_REQUESTS_OUTSTANDING.ALL_DATA_RD:cmask=4,OFFCORE_REQUESTS_OUTSTANDING.CYCLES_WITH_DATA_RD,OFFCORE_REQUESTS_OUTSTANDING.CYCLES_WITH_DEMAND_RFO,XQ.FULL_CYCLES,OCR.DEMAND_RFO.L3_HIT.SNOOP_HITM,OCR.DEMAND_DATA_RD.L3_HIT.SNOOP_HIT_WITH_FWD,OCR.STREAMING_WR.ANY_RESPONSE,OCR.DEMAND_DATA_RD.L3_HIT.SNOOP_HITM,MEM_UOPS_RETIRED.ALL_LOADS:sa=100003,MEM_UOPS_RETIRED.ALL_STORES:sa=100003,MEM_LOAD_UOPS_RETIRED.DRAM_HIT:sa=100003,LD_HEAD.ANY_AT_RET,LD_HEAD.DTLB_MISS_AT_RET,LD_HEAD.L1_BOUND_AT_RET,LD_HEAD.L1_MISS_AT_RET,LD_HEAD.OTHER_AT_RET,LD_HEAD.PGWALK_AT_RET,LD_HEAD.ST_ADDR_AT_RET,MEM_BOUND_STALLS.LOAD,MEM_BOUND_STALLS.LOAD_DRAM_HIT,MEM_BOUND_STALLS.LOAD_L2_HIT,MEM_BOUND_STALLS.LOAD_LLC_HIT,MEM_SCHEDULER_BLOCK.ALL,MEM_SCHEDULER_BLOCK.ST_BUF,TOPDOWN_BE_BOUND.ALL,TOPDOWN_BE_BOUND.MEM_SCHEDULER,TOPDOWN_FE_BOUND.ALL,TOPDOWN_RETIRING.ALL,UNC_M_CAS_COUNT_RD,UNC_M_CAS_COUNT_WR,
37572 [9756] INFO perfrun.sdk <> - runCmd started PID 34204
39959 [9756] INFO perfrun.sepdk <> - ERROR: Event OCR.DEMAND_RFO.L3_HIT.SNOOP_HITM discarded since OFFCORE is OFF by OS security.
ERROR: Event OCR.DEMAND_DATA_RD.L3_HIT.SNOOP_HIT_WITH_FWD discarded since OFFCORE is OFF by OS security.
ERROR: Event OCR.STREAMING_WR.ANY_RESPONSE discarded since OFFCORE is OFF by OS security.
ERROR: Event OCR.DEMAND_DATA_RD.L3_HIT.SNOOP_HITM discarded since OFFCORE is OFF by OS security.

39959 [9756] ERROR perfrun.launcher <> - Messenger::say: ERROR: Event OCR.DEMAND_RFO.L3_HIT.SNOOP_HITM discarded since OFFCORE is OFF by OS security.
ERROR: Event OCR.DEMAND_DATA_RD.L3_HIT.SNOOP_HIT_WITH_FWD discarded since OFFCORE is OFF by OS security.
ERROR: Event OCR.STREAMING_WR.ANY_RESPONSE discarded since OFFCORE is OFF by OS security.
ERROR: Event OCR.DEMAND_DATA_RD.L3_HIT.SNOOP_HITM discarded since OFFCORE is OFF by OS security.

39960 [9756] ERROR perfrun.launcher <> - sep can not perform an operation and will be disabled., at file: vcs\perfrun1\launcher\src/plugin_manager_impl.hpp:422
39980 [9756] INFO perfrun.itt <> - detach itt controller
39980 [9756] INFO perfrun.itt <> - detach itt controller done
39980 [9756] INFO perfrun.sdk <> - De-allocating TMU: C:\Users\27118\Desktop\Imperial\abstraction-recovery\cpp\tmp\vtune_memory_admin_probe\data.0\systemcollector-33656-CHENG.sc
39998 [9756] INFO perfrun.system <> - closed the system trace file: C:\Users\27118\Desktop\Imperial\abstraction-recovery\cpp\tmp\vtune_memory_admin_probe\data.0\systemcollector-33656-CHENG.sc
39999 [31108] WARN perfrun.launcher <> - IMessenger: ignore empty message with severity = 8, at file: vcs\perfrun1\launcher\src\messenger_impl.cpp:75
39999 [31108] INFO perfrun.launcher <> - Application exit code: 0
39999 [31108] INFO perfrun.launcher <> - Exit code: 2
