-- The Fortran compiler identification is unknown
-- No Fortran compiler found on the PATH. Using MinGW gfortran!
Downloading msys2-mingw-w64-x86_64-gcc-fortran-15.1.0-5-any.pkg.tar.zst, trying https://mirror.msys2.org/mingw/mingw64/mingw-w64-x86_64-gcc-fortran-15.1.0-5-any.pkg.tar.zst
Successfully downloaded msys2-mingw-w64-x86_64-gcc-fortran-15.1.0-5-any.pkg.tar.zst
-- Using cached msys2-msys2-runtime-3.6.2-2-x86_64.pkg.tar.zst
Downloading msys2-mingw-w64-x86_64-gcc-15.1.0-5-any.pkg.tar.zst, trying https://mirror.msys2.org/mingw/mingw64/mingw-w64-x86_64-gcc-15.1.0-5-any.pkg.tar.zst
Successfully downloaded msys2-mingw-w64-x86_64-gcc-15.1.0-5-any.pkg.tar.zst
Downloading msys2-mingw-w64-x86_64-gcc-libgfortran-15.1.0-5-any.pkg.tar.zst, trying https://mirror.msys2.org/mingw/mingw64/mingw-w64-x86_64-gcc-libgfortran-15.1.0-5-any.pkg.tar.zst
Successfully downloaded msys2-mingw-w64-x86_64-gcc-libgfortran-15.1.0-5-any.pkg.tar.zst
Downloading msys2-mingw-w64-x86_64-gcc-libs-15.1.0-5-any.pkg.tar.zst, trying https://mirror.msys2.org/mingw/mingw64/mingw-w64-x86_64-gcc-libs-15.1.0-5-any.pkg.tar.zst
Successfully downloaded msys2-mingw-w64-x86_64-gcc-libs-15.1.0-5-any.pkg.tar.zst
Downloading msys2-mingw-w64-x86_64-gmp-6.3.0-2-any.pkg.tar.zst, trying https://mirror.msys2.org/mingw/mingw64/mingw-w64-x86_64-gmp-6.3.0-2-any.pkg.tar.zst
Successfully downloaded msys2-mingw-w64-x86_64-gmp-6.3.0-2-any.pkg.tar.zst
Downloading msys2-mingw-w64-x86_64-isl-0.27-1-any.pkg.tar.zst, trying https://mirror.msys2.org/mingw/mingw64/mingw-w64-x86_64-isl-0.27-1-any.pkg.tar.zst
Successfully downloaded msys2-mingw-w64-x86_64-isl-0.27-1-any.pkg.tar.zst
Downloading msys2-mingw-w64-x86_64-libwinpthread-12.0.0.r747.g1a99f8514-1-any.pkg.tar.zst, trying https://mirror.msys2.org/mingw/mingw64/mingw-w64-x86_64-libwinpthread-12.0.0.r747.g1a99f8514-1-any.pkg.tar.zst
Successfully downloaded msys2-mingw-w64-x86_64-libwinpthread-12.0.0.r747.g1a99f8514-1-any.pkg.tar.zst
Downloading msys2-mingw-w64-x86_64-mpc-1.3.1-2-any.pkg.tar.zst, trying https://mirror.msys2.org/mingw/mingw64/mingw-w64-x86_64-mpc-1.3.1-2-any.pkg.tar.zst
Successfully downloaded msys2-mingw-w64-x86_64-mpc-1.3.1-2-any.pkg.tar.zst
Downloading msys2-mingw-w64-x86_64-mpfr-4.2.2-1-any.pkg.tar.zst, trying https://mirror.msys2.org/mingw/mingw64/mingw-w64-x86_64-mpfr-4.2.2-1-any.pkg.tar.zst
Successfully downloaded msys2-mingw-w64-x86_64-mpfr-4.2.2-1-any.pkg.tar.zst
Downloading msys2-mingw-w64-x86_64-zlib-1.3.1-1-any.pkg.tar.zst, trying https://mirror.msys2.org/mingw/mingw64/mingw-w64-x86_64-zlib-1.3.1-1-any.pkg.tar.zst
Successfully downloaded msys2-mingw-w64-x86_64-zlib-1.3.1-1-any.pkg.tar.zst
Downloading msys2-mingw-w64-x86_64-zstd-1.5.7-1-any.pkg.tar.zst, trying https://mirror.msys2.org/mingw/mingw64/mingw-w64-x86_64-zstd-1.5.7-1-any.pkg.tar.zst
Successfully downloaded msys2-mingw-w64-x86_64-zstd-1.5.7-1-any.pkg.tar.zst
Downloading msys2-mingw-w64-x86_64-binutils-2.44-3-any.pkg.tar.zst, trying https://mirror.msys2.org/mingw/mingw64/mingw-w64-x86_64-binutils-2.44-3-any.pkg.tar.zst
Successfully downloaded msys2-mingw-w64-x86_64-binutils-2.44-3-any.pkg.tar.zst
Downloading msys2-mingw-w64-x86_64-crt-git-12.0.0.r747.g1a99f8514-1-any.pkg.tar.zst, trying https://mirror.msys2.org/mingw/mingw64/mingw-w64-x86_64-crt-git-12.0.0.r747.g1a99f8514-1-any.pkg.tar.zst
Successfully downloaded msys2-mingw-w64-x86_64-crt-git-12.0.0.r747.g1a99f8514-1-any.pkg.tar.zst
Downloading msys2-mingw-w64-x86_64-headers-git-12.0.0.r747.g1a99f8514-1-any.pkg.tar.zst, trying https://mirror.msys2.org/mingw/mingw64/mingw-w64-x86_64-headers-git-12.0.0.r747.g1a99f8514-1-any.pkg.tar.zst
Successfully downloaded msys2-mingw-w64-x86_64-headers-git-12.0.0.r747.g1a99f8514-1-any.pkg.tar.zst
Downloading msys2-mingw-w64-x86_64-libiconv-1.18-1-any.pkg.tar.zst, trying https://mirror.msys2.org/mingw/mingw64/mingw-w64-x86_64-libiconv-1.18-1-any.pkg.tar.zst
Successfully downloaded msys2-mingw-w64-x86_64-libiconv-1.18-1-any.pkg.tar.zst
Downloading msys2-mingw-w64-x86_64-windows-default-manifest-6.4-4-any.pkg.tar.zst, trying https://mirror.msys2.org/mingw/mingw64/mingw-w64-x86_64-windows-default-manifest-6.4-4-any.pkg.tar.zst
Successfully downloaded msys2-mingw-w64-x86_64-windows-default-manifest-6.4-4-any.pkg.tar.zst
Downloading msys2-mingw-w64-x86_64-winpthreads-12.0.0.r747.g1a99f8514-1-any.pkg.tar.zst, trying https://mirror.msys2.org/mingw/mingw64/mingw-w64-x86_64-winpthreads-12.0.0.r747.g1a99f8514-1-any.pkg.tar.zst
Successfully downloaded msys2-mingw-w64-x86_64-winpthreads-12.0.0.r747.g1a99f8514-1-any.pkg.tar.zst
Downloading msys2-mingw-w64-x86_64-gettext-runtime-0.25-1-any.pkg.tar.zst, trying https://mirror.msys2.org/mingw/mingw64/mingw-w64-x86_64-gettext-runtime-0.25-1-any.pkg.tar.zst
Successfully downloaded msys2-mingw-w64-x86_64-gettext-runtime-0.25-1-any.pkg.tar.zst
-- Using cached msys2-mingw-w64-x86_64-headers-git-12.0.0.r747.g1a99f8514-1-any.pkg.tar.zst
-- Using msys root at C:/Users/27118/AppData/Local/vcpkg/downloads/tools/msys2/b2ad05bc5351fe51
-- Installing: C:/Users/27118/Desktop/Imperial/abstraction-recovery/cpp/vcpkg_installed/vcpkg/pkgs/vcpkg-gfortran_x64-windows/share/vcpkg-gfortran/copyright
-- Performing post-build validation
